80.3949921131,16.75,True
81.4549951553,16.75,True
83.7149941921,16.75,True
85.575065136,16.75,True
86.6349921227,16.75,True
88.8949971199,16.75,True
90.8950750828,16.75,True
91.9550011158,16.75,True
94.2149920464,16.75,True
97.7149951458,16.75,True
99.9749951363,16.75,True
101.035011053,16.75,True
103.324990988,16.75,True
105.145096064,16.75,True
106.204992056,16.75,True
108.465108156,16.812,True
111.945027113,16.937,True
114.204990149,17.062,True
115.264986992,17.187,True
117.525000095,17.25,True
119.385032177,17.437,True
120.445008993,17.437,True
122.704987049,17.562,True
126.184996128,17.75,True
128.445027113,17.75,True
129.504996061,17.812,True
131.764997005,17.812,True
133.625069141,17.812,True
134.684998989,17.812,True
136.945014,17.875,True
140.424997091,17.937,True
142.685002089,17.937,True
143.745006084,18.0,True
146.005005121,18.062,True
147.86501503,18.187,True
148.924995184,18.187,True
151.185001135,18.312,True
154.695000172,18.437,True
158.194995165,18.812,True
160.454987049,18.812,True
161.514995098,18.937,True
163.775000095,19.0,True
164.914990187,19.0,True
167.174993992,19.062,True
170.674992085,19.125,True
172.935027122,19.125,True
173.994992018,19.125,True
176.254996061,19.125,True
177.395023108,19.125,True
179.654987097,19.187,True
183.334995985,19.312,True
184.495024204,19.312,True
186.755016088,19.375,True
190.2549932,19.5,True
192.515004158,19.562,True
193.605072021,19.625,True
195.864997149,19.687,True
197.72502017,19.812,True
198.784999132,19.875,True
201.044992208,19.937,True
204.524999142,20.062,True
206.784972191,20.125,True
207.844999075,20.187,True
210.105093002,20.25,True
211.224997997,20.312,True
213.484997034,20.375,True
216.985008001,20.5,True
219.245002031,20.5,True
220.305006027,20.562,True
222.595029116,20.625,True
223.675024033,20.625,True
225.935010195,20.687,True
229.434995174,20.812,True
231.695025206,20.812,True
232.755015135,20.937,True
235.025015116,20.937,True
236.865032196,21.062,True
237.925014019,21.125,True
240.185008049,21.125,True
242.185075045,21.25,True
243.245006084,21.25,True
245.515007019,21.312,True
249.015047073,21.437,True
251.275008202,21.5,True
252.335016012,21.625,True
254.595021009,21.687,True
256.445021152,21.875,True
257.505027056,21.875,True
259.765022039,21.937,True
263.295041084,22.187,True
266.795037985,22.25,True
269.05500412,22.312,True
270.115002155,22.375,True
272.375007153,22.437,True
273.495030165,22.5,True
275.75504303,22.562,True
279.255001068,22.687,True
281.515002012,22.75,True
282.575005054,22.812,True
284.845014095,22.875,True
286.685112,22.937,True
287.745020151,22.937,True
290.005034208,23.0,True
292.005103111,23.125,True
293.064999104,23.125,True
295.324993134,23.187,True
297.325083017,23.187,True
298.384991169,23.25,True
300.655036211,23.25,True
304.115017176,23.25,True
306.375028133,23.312,True
307.435006142,23.312,True
309.695024014,23.375,True
310.805018187,23.375,True
313.065028191,23.437,True
316.565011978,23.562,True
318.825011015,23.625,True
319.885007143,23.687,True
322.144999981,23.75,True
323.265005112,23.812,True
325.52500701,23.875,True
329.025008202,23.937,True
331.285054207,23.937,True
332.345021009,23.937,True
334.605023146,23.937,True
335.725003004,24.0,True
337.985055208,24.062,True
341.485004187,24.125,True
343.745098114,24.187,True
344.81501317,24.25,True
347.075020075,24.312,True
348.915091038,24.437,True
349.975010157,24.5,True
352.235015154,24.562,True
355.71502018,24.687,True
357.975047112,24.75,True
359.035005093,24.812,True
361.295078993,24.875,True
363.155025005,24.875,True
364.215062141,24.937,True
366.475018024,24.937,True
369.955090046,25.0,True
372.215010166,25.062,True
373.27500701,25.062,True
375.535001993,25.062,True
376.654992104,25.125,True
378.925015211,25.125,True
382.405117035,25.187,True
384.665013075,25.25,True
385.72500515,25.312,True
387.985016108,25.312,True
389.845027208,25.375,True
390.905047178,25.437,True
393.1650002,25.5,True
395.175080061,25.562,True
396.235053062,25.625,True
398.495036125,25.687,True
401.965004206,25.75,True
404.225017071,25.875,True
405.284999132,25.937,True
407.54510808,26.0,True
408.64499712,26.062,True
410.905038118,26.062,True
414.405056,26.125,True
416.665023088,26.187,True
417.72501111,26.25,True
419.98499608,26.312,True
421.865684032,26.375,True
422.935006142,26.375,True
425.195027113,26.437,True
428.665010214,26.562,True
430.925017118,26.625,True
431.985008001,26.687,True
434.275008202,26.687,True
435.334998131,26.75,True
437.595041037,26.812,True
441.105033159,26.937,True
443.365014076,26.937,True
444.425019979,27.0,True
446.685005188,27.062,True
448.565029144,27.187,True
449.63500905,27.187,True
451.895111084,27.25,True
455.355010033,27.312,True
457.615012169,27.375,True
458.675009012,27.437,True
460.935052156,27.437,True
462.034998178,27.5,True
464.295039177,27.562,True
467.795041084,27.687,True
470.055015087,27.687,True
471.115008116,27.75,True
473.375005007,27.812,True
474.515062094,27.875,True
476.775000095,27.937,True
480.265000105,28.0,True
482.525021076,28.062,True
483.585021019,28.062,True
485.845004082,28.125,True
486.965131044,28.187,True
489.225004196,28.25,True
492.725018024,28.375,True
494.985013008,28.437,True
496.045008183,28.5,True
498.30501318,28.562,True
499.424998999,28.625,True
501.695031166,28.687,True
505.175015211,28.875,True
507.435104132,29.0,True
508.495012045,29.062,True
510.755000114,29.125,True
511.885013103,29.125,True
514.145008087,29.187,True
517.644999027,29.25,True
519.905018091,29.312,True
520.965093136,29.375,True
523.225000143,29.437,True
525.085064173,29.5,True
526.144999981,29.5,True
528.415002108,29.562,True
530.415067196,29.562,True
531.47508812,29.625,True
533.735007048,29.625,True
537.215009212,29.687,True
539.475013018,29.687,True
540.535029173,29.75,True
542.795127153,29.75,True
543.915023088,29.75,True
546.17516017,29.75,True
549.675011158,29.875,True
551.945100069,29.937,True
553.005038023,30.0,True
555.265012026,30.062,True
556.364988089,30.125,True
558.625001192,30.187,True
562.125012159,30.312,True
564.38499403,30.375,True
565.445002079,30.437,True
567.705030203,30.437,True
568.82498908,30.5,True
571.085007191,30.5,True
574.585023165,30.5,True
576.845004082,30.562,True
577.905212164,30.625,True
580.165027142,30.625,True
582.025026083,30.687,True
583.085046053,30.75,True
585.354987144,30.812,True
588.815534115,30.875,True
591.075011015,30.937,True
592.134990215,31.062,True
594.395048141,31.125,True
595.505047083,31.187,True
597.764996052,31.187,True
601.265254021,31.312,True
603.525099039,31.375,True
604.585015059,31.437,True
606.845003128,31.5,True
607.965013027,31.5,True
610.22501111,31.562,True
613.725009203,31.625,True
615.985016108,31.687,True
617.044996023,31.75,True
619.305027008,31.812,True
620.425024986,31.875,True
622.684998035,31.937,True
626.175010204,32.0,True
628.435013056,32.062,True
629.495038986,32.125,True
631.755003214,32.187,True
633.615073204,32.25,True
634.685014009,32.312,True
636.945124149,32.312,True
640.405018091,32.5,True
642.665010214,32.562,True
643.72499299,32.625,True
645.985012054,32.687,True
647.085077047,32.687,True
649.345010042,32.75,True
652.845007181,32.875,True
655.105029106,32.937,True
656.175003052,33.0,True
658.435000181,33.062,True
659.575004101,33.125,True
661.835007191,33.187,True
665.335015059,33.25,True
667.595283985,33.25,True
668.655027151,33.312,True
670.915002108,33.312,True
672.775072098,33.312,True
673.835000038,33.312,True
676.095010996,33.375,True
678.095085144,33.375,True
679.155008078,33.437,True
681.415005207,33.5,True
684.915009022,33.625,True
687.175023079,33.687,True
688.235013008,33.75,True
690.495023012,33.75,True
691.615011215,33.75,True
693.875004053,33.812,True
697.375013113,33.937,True
699.635008097,34.0,True
700.695012093,34.062,True
702.965073109,34.125,True
704.805066109,34.187,True
705.865017176,34.187,True
708.125011206,34.25,True
710.125019073,34.312,True
711.185011148,34.312,True
713.455008984,34.375,True
716.915005207,34.437,True
719.175037146,34.5,True
720.234997034,34.562,True
722.495020151,34.625,True
723.605025053,34.687,True
725.865075111,34.75,True
729.365045071,34.875,True
731.625008106,34.937,True
732.684993982,35.0,True
734.945103168,35.0,True
736.06501317,35.062,True
738.325002193,35.125,True
741.825009108,35.25,True
744.085005999,35.312,True
745.145004034,35.375,True
747.405035019,35.375,True
748.525021076,35.437,True
750.785004139,35.5,True
754.275020123,35.562,True
756.535012007,35.625,True
757.595027208,35.625,True
759.855009079,35.687,True
761.715079069,35.75,True
762.785060167,35.75,True
765.045005083,35.812,True
767.045051098,35.875,True
768.105041027,35.875,True
770.365014076,35.937,True
773.845009089,36.0,True
776.105035067,36.062,True
777.164997101,36.125,True
779.425096035,36.125,True
780.545018196,36.187,True
782.804998159,36.187,True
786.305020094,36.25,True
788.564999104,36.25,True
789.624987125,36.312,True
791.895035982,36.312,True
792.995042086,36.312,True
795.255030155,36.312,True
798.755004168,36.375,True
801.015006065,36.437,True
802.074994087,36.562,True
804.335012197,36.625,True
805.455002069,36.687,True
807.71502018,36.75,True
811.215005159,36.812,True
813.474995136,36.812,True
814.53500104,36.875,True
816.795184135,36.875,True
817.915006161,36.875,True
820.175031185,36.937,True
823.675015211,36.937,True
825.94525218,37.0,True
827.005023003,37.062,True
829.265012026,37.062,True
831.105093002,37.125,True
832.165014982,37.187,True
834.425004005,37.187,True
837.895055056,37.25,True
840.15507102,37.312,True
841.21501112,37.375,True
843.475006104,37.437,True
844.595031023,37.5,True
846.85506916,37.5,True
850.355010986,37.625,True
852.614997149,37.687,True
853.675002098,37.75,True
855.935119152,37.812,True
857.795114994,37.812,True
858.855086088,37.875,True
861.115005016,37.875,True
863.115018129,37.937,True
864.195043087,37.937,True
866.454997063,37.937,True
868.435070992,38.0,True
869.505027056,38.0,True
871.765010118,38.0,True
873.765017033,38.062,True
874.835015059,38.062,True
877.095015049,38.062,True
880.555011034,38.125,True
882.815005064,38.187,True
883.875272989,38.25,True
886.14501214,38.312,True
887.244997978,38.375,True
889.505026102,38.375,True
893.005053997,38.5,True
895.265019178,38.5,True
896.32499814,38.562,True
898.585008144,38.625,True
899.705039024,38.687,True
901.965018034,38.75,True
905.46501708,38.875,True
907.725069046,38.937,True
908.785001993,39.0,True
911.045000076,39.062,True
912.165001154,39.125,True
914.425078154,39.187,True
917.925006151,39.312,True
920.185003042,39.375,True
921.245011091,39.437,True
923.505038023,39.5,True
924.625004053,39.5,True
926.895026207,39.562,True
930.375005007,39.687,True
932.635123014,39.687,True
933.69504118,39.75,True
935.955005169,39.75,True
937.815020084,39.812,True
938.875056028,39.875,True
941.135001183,39.937,True
943.145091057,39.937,True
944.20501399,40.0,True
946.464989185,40.0,True
949.935009003,40.125,True
952.195021152,40.187,True
953.255003214,40.312,True
955.515011072,40.312,True
956.614997149,40.437,True
958.875002146,40.437,True
962.374997139,40.625,True
964.635013103,40.625,True
965.695039988,40.687,True
967.955016136,40.75,True
969.835040092,40.875,True
970.895038128,40.937,True
973.155002117,41.0,True
976.63501215,41.125,True
978.895225048,41.187,True
979.955007076,41.25,True
982.21500206,41.312,True
983.334997177,41.375,True
985.595329046,41.437,True
989.444992065,41.5,True
990.505010128,41.562,True
992.765003204,41.625,True
994.015075207,41.625,True
996.275009155,41.687,True
999.774995089,41.812,True
1002.03500414,41.875,True
1003.09503317,41.937,True
1005.35500407,42.0,True
1007.21503901,42.125,True
1008.275002,42.187,True
1010.53508306,42.25,True
1014.01499414,42.437,True
1016.27499104,42.5,True
1017.33499503,42.562,True
1019.595047,42.625,True
1020.71501613,42.625,True
1022.98500919,42.687,True
1026.46497512,42.812,True
1028.72500706,42.812,True
1029.78504205,42.875,True
1032.04503012,42.875,True
1033.1650362,42.937,True
1035.424999,42.937,True
1038.90501618,43.0,True
1041.165097,43.125,True
1042.22502017,43.187,True
1044.48500919,43.187,True
1045.58499813,43.25,True
1047.84499812,43.312,True
1051.34500313,43.437,True
1053.6050272,43.5,True
1054.66499805,43.5,True
1056.93499303,43.562,True
1058.81508017,43.625,True
1059.87501407,43.625,True
1062.13499904,43.687,True
1065.61501002,43.75,True
1067.88511419,43.812,True
1068.94509721,43.875,True
1071.20504022,43.875,True
1073.045048,43.937,True
1074.10502815,43.937,True
1076.36499906,44.0,True
1078.37507415,44.062,True
1079.43500209,44.062,True
1081.69502306,44.125,True
1085.16498899,44.25,True
1087.424999,44.25,True
1088.48499918,44.375,True
1090.74500799,44.437,True
1091.84523106,44.5,True
1094.10503721,44.562,True
1097.60502219,44.687,True
1099.86501312,44.75,True
1100.924999,44.812,True
1103.18500614,44.812,True
1104.32501507,44.875,True
1106.59500504,44.875,True
1110.07501101,44.937,True
1112.33499312,45.0,True
1113.39503312,45.062,True
1115.65506506,45.062,True
1116.78501105,45.125,True
1119.04501104,45.187,True
1122.54500818,45.25,True
1124.80501008,45.312,True
1125.86502504,45.375,True
1128.12501216,45.437,True
1129.24506307,45.5,True
1131.5050261,45.562,True
1135.00500917,45.687,True
1137.26500916,45.75,True
1138.32500219,45.75,True
1140.58500218,45.812,True
1141.70511413,45.875,True
1143.96501112,45.875,True
1147.46499419,46.0,True
1149.724998,46.062,True
1150.79507613,46.125,True
1153.05500698,46.187,True
1154.15500998,46.25,True
1156.41500616,46.312,True
1159.91501212,46.437,True
1162.17500615,46.5,True
1163.23506999,46.562,True
1165.49502707,46.562,True
1166.61500502,46.625,True
1168.8850131,46.625,True
1172.3650322,46.75,True
1174.62501311,46.75,True
1175.68500304,46.812,True
1177.94510317,46.875,True
1179.80502319,46.875,True
1180.86500621,46.875,True
1183.12499118,46.937,True
1186.59499907,47.0,True
1188.85504913,47.062,True
1190.24512601,47.125,True
1193.70500302,47.25,True
1195.96512318,47.312,True
1197.02500701,47.375,True
1199.28500819,47.375,True
1200.40500903,47.5,True
1202.664994,47.5,True
1206.16500211,47.562,True
1208.42499709,47.625,True
1209.48499417,47.75,True
1211.74498606,47.812,True
1212.86501718,47.875,True
1215.12501121,47.875,True
1218.62513208,48.0,True
1220.89503598,48.062,True
1221.95500803,48.125,True
1224.21501517,48.187,True
1226.05507612,48.312,True
1227.11500216,48.312,True
1229.37501311,48.375,True
1232.84501719,48.5,True
1235.10503101,48.562,True
1236.16500711,48.625,True
1238.42512321,48.75,True
1239.52499413,48.812,True
1241.78507519,48.875,True
1245.28499699,49.0,True
1247.54500008,49.0,True
1248.60503221,49.062,True
1250.86499906,49.125,True
1252.00504613,49.125,True
1254.26499605,49.187,True
1257.76501918,49.312,True
1260.03500819,49.375,True
1261.0950222,49.5,True
1263.35500216,49.562,True
1265.19507098,49.625,True
1266.25500107,49.625,True
1268.51499414,49.75,True
1270.52509403,49.875,True
1271.58500004,49.875,True
1273.84502721,49.937,True
1275.84503818,50.062,True
1276.90502906,50.062,True
1279.16507721,50.125,True
1282.67500401,50.25,True
1284.93501616,50.375,True
1285.99501419,50.375,True
1288.2549932,50.5,True
1290.1150732,50.562,True
1291.22500706,50.562,True
1293.48499918,50.687,True
1295.44506216,50.687,True
1296.51501417,50.75,True
1298.77498507,50.875,True
1300.77507901,50.937,True
1301.84500599,51.0,True
1304.10502601,51.125,True
1306.10508204,51.187,True
1307.16500807,51.25,True
1309.42505717,51.25,True
1312.9050312,51.312,True
1315.16499019,51.375,True
1316.22502398,51.5,True
1318.48500419,51.5,True
1319.60502005,51.5,True
1321.86500502,51.562,True
1324.9450841,51.625,True
1327.20501804,51.687,True
1330.71500516,51.812,True
1332.97499609,51.875,True
1334.03500009,51.937,True
1336.2950151,51.937,True
1337.41501021,52.0,True
1339.67500615,52.062,True
1343.18500519,52.125,True
1345.44506621,52.187,True
1346.50500607,52.25,True
1348.76499701,52.312,True
1350.62535906,52.437,True
1351.69502521,52.437,True
1353.95500207,52.5,True
1355.95508599,52.625,True
1357.01500106,52.625,True
1359.27500415,52.687,True
1362.75500607,52.875,True
1365.01500106,52.937,True
1366.07499003,53.0,True
1368.33499718,53.062,True
1369.45507503,53.125,True
1371.71501207,53.125,True
1375.21499705,53.25,True
1377.474998,53.312,True
1378.53500605,53.375,True
1380.80501509,53.437,True
1381.90502715,53.5,True
1384.16500306,53.562,True
1387.66500115,53.625,True
1389.92528605,53.687,True
1390.99505115,53.75,True
1393.25500607,53.812,True
1394.35503316,53.875,True
1396.61500621,53.875,True
1400.11499715,54.062,True
1402.37499809,54.062,True
1403.43499207,54.187,True
1405.69502616,54.187,True
1407.55507898,54.312,True
1408.6149981,54.312,True
1410.87501812,54.375,True
1414.35500908,54.437,True
1416.61499619,54.5,True
1417.67500615,54.562,True
1419.93499804,54.562,True
1421.7950542,54.625,True
1422.85500407,54.625,True
1425.11500812,54.75,True
1428.59502411,54.875,True
1430.86499715,54.937,True
1431.92500019,55.0,True
1434.18500805,55.062,True
1436.0250771,55.125,True
1437.08500409,55.125,True
1439.34500313,55.187,True
1441.34502912,55.25,True
1442.41499901,55.25,True
1444.6750052,55.25,True
1446.67504811,55.312,True
1447.74502707,55.312,True
1450.00501204,55.375,True
1453.46498704,55.437,True
1455.7250092,55.5,True
1456.78505111,55.5,True
1459.04503417,55.5,True
1460.16504312,55.562,True
1462.424999,55.625,True
1465.935009,55.687,True
1468.19510698,55.75,True
1469.25501299,55.812,True
1471.51499605,55.875,True
1473.37506413,55.937,True
1474.43499112,56.0,True
1476.70501018,56.062,True
1480.16503716,56.125,True
1482.42500806,56.125,True
1483.48501706,56.187,True
1485.74500299,56.187,True
1487.59506917,56.25,True
1488.65510201,56.25,True
1490.9149971,56.312,True
1494.39502811,56.375,True
1496.65500021,56.437,True
1497.72501612,56.5,True
1499.98500109,56.562,True
1501.8250761,56.625,True
1502.8850162,56.625,True
1505.14500618,56.687,True
1507.14507198,56.812,True
1508.215101,56.875,True
1510.475034,56.875,True
1513.93501306,56.937,True
1516.19502115,57.0,True
1517.25500607,57.062,True
1519.51499104,57.125,True
1520.63499713,57.187,True
1522.89502406,57.187,True
1526.39501405,57.312,True
1528.65506601,57.312,True
1529.71499515,57.375,True
1531.98502302,57.437,True
1533.10502315,57.5,True
1535.36501598,57.5,True
1538.86500812,57.625,True
1541.12501216,57.625,True
1542.18505406,57.687,True
1544.44504619,57.75,True
1546.30505204,57.812,True
1547.37501216,57.812,True
1549.63500214,57.875,True
1553.09503698,57.937,True
1555.35500312,58.0,True
1556.41501498,58.062,True
1558.68506122,58.125,True
1559.78508115,58.187,True
1562.04500198,58.25,True
1565.54500318,58.312,True
1567.80500221,58.312,True
1568.8650322,58.375,True
1571.12500811,58.437,True
1572.9850831,58.5,True
1574.04500818,58.562,True
1576.31500721,58.562,True
1579.77504516,58.687,True
1582.03500819,58.75,True
1583.0950222,58.75,True
1585.35499406,58.812,True
1587.205091,58.875,True
1588.2649951,58.937,True
1590.52500606,59.0,True
1594.00503016,59.125,True
1596.26505017,59.187,True
1597.32502699,59.25,True
1599.585006,59.312,True
1600.70678902,59.375,True
1602.97501421,59.437,True
1606.45498705,59.562,True
1608.71500707,59.625,True
1609.78508115,59.687,True
1612.04500818,59.75,True
1613.90508819,59.812,True
1614.96501303,59.812,True
1617.22510719,59.875,True
1620.70503306,59.937,True
1622.9649992,60.0,True
1624.02501011,60.062,True
1626.28507304,60.125,True
1627.40502119,60.187,True
1629.66500807,60.25,True
1633.16500711,60.312,True
1635.424999,60.375,True
1636.48500705,60.437,True
1638.75501418,60.5,True
1639.85500312,60.562,True
1642.11501408,60.625,True
1645.61506414,60.75,True
1647.87500906,60.812,True
1648.93559718,60.875,True
1651.19513106,60.937,True
1652.31500912,61.0,True
1654.57499099,61.062,True
1658.07500601,61.25,True
1660.33499718,61.312,True
1661.39503312,61.375,True
1663.65511107,61.437,True
1664.77511716,61.5,True
1667.05500698,61.562,True
1669.05506802,61.625,True
1670.1150341,61.625,True
1672.37499905,61.687,True
1675.85504198,61.75,True
1678.1149981,61.812,True
1679.174999,61.875,True
1681.43499112,61.875,True
1683.28503799,61.937,True
1684.34501219,62.0,True
1686.60503721,62.062,True
1690.07505012,62.125,True
1692.33507204,62.187,True
1693.39503217,62.25,True
1695.65500712,62.312,True
1696.75499606,62.437,True
1699.01502109,62.5,True
1702.51500702,62.625,True
1704.77509999,62.687,True
1705.83510303,62.75,True
1708.09511709,62.812,True
1709.97513604,62.875,True
1711.03500509,62.875,True
1713.29510021,62.937,True
1715.29508615,63.062,True
1716.39510798,63.125,True
1718.65509105,63.187,True
1720.6150341,63.312,True
1721.68501711,63.375,True
1723.94537306,63.437,True
1727.40503716,63.5,True
1729.66498709,63.5,True
1730.72500515,63.562,True
1732.9850142,63.562,True
1734.08498907,63.625,True
1736.34500718,63.625,True
1739.84501219,63.75,True
1742.10511303,63.812,True
1743.16501021,63.875,True
1745.42502904,64.0,True
1747.30505514,64.125,True
1748.36500812,64.125,True
1750.64501214,64.187,True
1754.10503006,64.375,True
1756.36501122,64.437,True
1757.42506599,64.5,True
1759.68498802,64.562,True
1761.53508115,64.687,True
1762.59502101,64.75,True
1764.85501719,64.812,True
1768.35501099,64.937,True
1770.61500621,65.0,True
1771.68500018,65.062,True
1773.94510221,65.062,True
1775.06501913,65.125,True
1777.32502604,65.125,True
1780.82499409,65.25,True
1783.08528304,65.25,True
1784.14499521,65.312,True
1786.40507102,65.312,True
1787.52500415,65.375,True
1789.79502106,65.437,True
1793.27500319,65.562,True
1795.53503013,65.562,True
1796.59502816,65.687,True
1798.85502911,65.687,True
1799.975003,65.75,True
1802.23501015,65.812,True
1805.73499608,65.875,True
1807.99510598,65.937,True
1809.05499816,65.937,True
1811.3149972,65.937,True
1812.43506908,65.937,True
1814.69503403,66.0,True
1818.19500804,66.062,True
1820.45500708,66.125,True
1821.51500416,66.187,True
1823.79503703,66.25,True
1825.61500812,66.375,True
1826.6750021,66.375,True
1828.94507813,66.5,True
1830.94518614,66.625,True
1832.005059,66.687,True
1834.26501513,66.75,True
1837.74499202,66.875,True
1840.01501203,66.875,True
1841.075001,66.937,True
1843.33507609,67.0,True
1845.17504621,67.062,True
1846.23500109,67.062,True
1848.495116,67.125,True
1851.96500421,67.187,True
1854.22500801,67.25,True
1855.28500104,67.312,True
1857.54506302,67.312,True
1858.64499521,67.437,True
1860.90512919,67.437,True
1864.40503407,67.625,True
1866.66500401,67.687,True
1867.72499919,67.75,True
1869.98500514,67.875,True
1871.125072,67.937,True
1873.38500214,68.0,True
1876.88500714,68.187,True
1879.14511514,68.25,True
1880.20505309,68.312,True
1882.46502399,68.437,True
1883.83500814,68.5,True
1886.09506106,68.562,True
1887.15499115,68.625,True
1889.414994,68.625,True
1892.91500401,68.75,True
1895.17499614,68.812,True
1896.23499298,68.875,True
1898.49500799,68.875,True
1900.35507512,69.0,True
1901.41500616,69.0,True
1903.67510915,69.062,True
1904.91501117,69.125,True
1907.17512608,69.187,True
1910.67500901,69.312,True
1912.93501019,69.375,True
1913.99503016,69.437,True
1916.25499916,69.5,True
1918.13507104,69.562,True
1919.19504118,69.625,True
1921.45499706,69.625,True
1924.93500209,69.687,True
1927.19502211,69.75,True
1928.25500417,69.812,True
1930.51510406,69.812,True
1931.63501716,69.875,True
1933.8950212,69.875,True
1937.39502811,70.0,True
1939.65500998,70.062,True
1940.71501207,70.125,True
1942.98500609,70.125,True
1944.08499503,70.187,True
1946.34500909,70.25,True
1949.84503818,70.312,True
1952.10508299,70.375,True
1953.16509914,70.437,True
1955.42499709,70.5,True
1956.54500318,70.5,True
1958.80501008,70.562,True
1962.30500507,70.625,True
1964.56501412,70.687,True
1965.62506413,70.75,True
1967.88500118,70.75,True
1969.74504113,70.812,True
1970.80500412,70.875,True
1973.06498504,70.875,True
1975.06507111,70.937,True
1976.12500215,70.937,True
1978.38500714,71.0,True
1980.3850522,71.0,True
1981.455019,70.937,True
1983.71500802,70.937,True
1987.17499399,70.937,True
1989.43500209,70.937,True
1990.49527407,70.937,True
1992.76503015,70.937,True
1994.60509419,71.0,True
1995.66510606,71.062,True
1997.9250102,71.125,True
1999.92502999,71.25,True
2000.98499799,71.312,True
2003.24501109,71.375,True
2005.24517512,71.437,True
2006.30499721,71.5,True
2008.56500912,71.562,True
2010.56504512,71.625,True
2011.62500405,71.625,True
2013.88499713,71.687,True
2017.38501406,71.75,True
2019.64499021,71.812,True
2020.70503402,71.875,True
2022.96500111,71.875,True
2024.08501506,71.937,True
2026.34503913,71.937,True
2029.84502602,72.0,True
2032.10502219,72.062,True
2033.16501307,72.125,True
2035.4250102,72.125,True
2036.53500199,72.187,True
2038.79504108,72.25,True
2042.25504899,72.25,True
2044.51500702,72.375,True
2045.57500911,72.437,True
2047.83501911,72.5,True
2048.95530105,72.5,True
2051.2251091,72.562,True
2054.72501111,72.625,True
2056.98500109,72.625,True
2058.04501605,72.687,True
2060.30501699,72.75,True
2061.44500899,72.812,True
2063.70503712,72.875,True
2067.19502807,73.0,True
2069.45500302,73.125,True
2070.5150032,73.187,True
2072.77499914,73.25,True
2074.63503909,73.312,True
2075.70502305,73.312,True
2077.96500421,73.375,True
2079.96507812,73.437,True
2081.02499318,73.437,True
2083.2850101,73.5,True
2086.76498604,73.5,True
2089.0250051,73.562,True
2090.08500218,73.562,True
2092.34499907,73.562,True
2093.46501207,73.562,True
2095.72501302,73.625,True
2099.22499204,73.75,True
2101.485008,73.75,True
2102.54500008,73.812,True
2104.81500101,73.875,True
2105.91501212,73.875,True
2108.1750021,73.937,True
2111.67501807,74.062,True
2113.93502712,74.125,True
2114.99501801,74.187,True
2117.2550962,74.25,True
2118.37503219,74.312,True
2120.65561509,74.375,True
2124.11501122,74.375,True
2126.37502909,74.437,True
2127.435004,74.437,True
2129.69501519,74.5,True
2130.80504298,74.562,True
2133.07558417,74.562,True
2136.54500413,74.687,True
2138.8149972,74.687,True
2139.87501812,74.75,True
2142.13517904,74.812,True
2143.235008,74.875,True
2145.49501109,74.937,True
2148.99503708,75.062,True
2151.25501299,75.125,True
2152.3150022,75.125,True
2156.16500401,75.187,True
2159.67501402,75.25,True
2161.93499899,75.312,True
2162.9950192,75.375,True
2165.25498819,75.437,True
2166.39500117,75.5,True
2168.65501118,75.562,True
2172.15500307,75.562,True
2174.41507602,75.625,True
2175.4750042,75.625,True
2177.74500418,75.687,True
2181.20503902,75.75,True
2182.40504408,75.75,True
2184.66500211,75.812,True
2188.16501403,75.937,True
2190.4250102,76.0,True
2191.48500919,76.062,True
2193.77501106,76.125,True
2195.59510398,76.187,True
2196.65499616,76.25,True
2198.91500902,76.312,True
2202.39503598,76.437,True
2204.65500402,76.437,True
2205.714993,76.5,True
2207.97500706,76.5,True
2209.095047,76.5,True
2211.35500598,76.5,True
2214.85500312,76.562,True
2217.11500311,76.625,True
2218.1750071,76.687,True
2220.43500304,76.687,True
2221.5450151,76.75,True
2223.8049922,76.812,True
2227.30500221,76.875,True
2229.56499815,76.875,True
2230.62501216,76.937,True
2232.88500214,77.0,True
2234.745085,77.062,True
2235.80498815,77.125,True
