1.92393612862,68.562,False
2.98390293121,68.625,False
4.17760014534,nan,False
5.2442009449,68.625,False
6.43773007393,nan,False
7.6577270031,nan,False
8.72415995598,68.562,False
9.91774606705,nan,False
10.9841930866,68.625,False
12.0541729927,68.625,False
13.2477190495,nan,False
14.3141829967,68.562,False
15.4341740608,68.625,False
16.6277389526,nan,False
17.6941671371,68.625,False
18.8877210617,nan,False
20.1277010441,nan,False
21.1941740513,68.562,False
22.3877899647,nan,False
23.4541621208,68.562,False
24.5141639709,68.625,False
25.7077219486,nan,False
26.774187088,68.562,False
28.6342430115,68.562,False
29.6941709518,68.562,False
30.8877179623,nan,False
31.9541721344,68.562,False
33.1477241516,nan,False
34.3678290844,nan,False
35.4341640472,68.562,False
36.6277251244,nan,False
37.6941721439,68.562,False
38.7541589737,68.562,False
39.947726965,nan,False
41.0141699314,68.562,False
42.8742239475,68.562,False
43.9341731071,68.562,False
45.1277279854,nan,False
46.2241780758,68.562,False
48.2042341232,68.625,False
49.2641589642,68.562,False
50.4577319622,nan,False
51.5241689682,68.562,False
53.5241811275,68.562,False
54.5841960907,68.562,False
55.7777299881,nan,False
56.8442299366,68.562,False
58.0377089977,nan,False
59.2777330875,nan,False
60.3441791534,68.562,False
61.537733078,nan,False
62.6041741371,68.562,False
63.6641740799,68.625,False
64.8577210903,nan,False
65.9241681099,68.562,False
67.78424716,68.562,False
68.8442440033,68.562,False
70.0377190113,nan,False
71.1041710377,68.562,False
73.1041970253,68.562,False
74.1741859913,68.562,False
75.3677511215,nan,False
76.4341821671,68.562,False
77.6277141571,nan,False
78.8677680492,nan,False
79.9341709614,68.562,False
81.1277179718,nan,False
82.1941709518,68.562,False
83.254171133,68.562,False
84.447726965,nan,False
85.5141661167,68.562,False
86.6341760159,68.562,False
87.8277249336,nan,False
88.8941719532,68.562,False
90.0877320766,nan,False
91.3277521133,nan,False
92.3941800594,68.562,False
93.5877399445,nan,False
94.6541769505,68.562,False
95.7141721249,68.562,False
96.9077191353,nan,False
97.974200964,68.562,False
99.094176054,68.562,False
100.287703037,nan,True
101.354176044,68.562,True
102.547724962,nan,True
103.787732124,nan,True
104.854171038,68.562,True
106.047723055,nan,True
107.114172935,68.562,True
108.204172134,68.562,True
109.397781134,nan,True
110.464180946,68.562,True
111.544167042,68.562,True
112.737750053,nan,True
113.804167986,68.562,True
114.99772501,nan,True
116.237717152,nan,True
117.30416894,68.562,True
118.497776985,nan,True
119.564165115,68.562,True
120.624166965,68.562,True
121.817723036,nan,True
122.884187937,68.562,True
124.744248152,68.562,True
125.804167032,68.562,True
126.997733116,nan,True
128.064175129,68.562,True
130.064203978,68.562,True
131.134171009,68.562,True
132.327717066,nan,True
133.394169092,68.562,True
134.587723017,nan,True
135.787734985,nan,True
136.854166985,68.562,True
138.047774076,nan,True
139.114161015,68.562,True
140.174164057,68.562,True
141.36778307,nan,True
142.434240103,68.562,True
143.534172058,68.562,True
144.727715015,nan,True
145.794171095,68.562,True
146.987780094,nan,True
148.227731943,nan,True
149.294177055,68.562,True
150.487746954,nan,True
151.554185152,68.562,True
152.614172935,68.562,True
153.807734966,nan,True
154.87420702,68.562,True
156.014225006,68.562,True
157.207724094,nan,True
158.274222136,68.562,True
159.467746973,nan,True
160.707723141,nan,True
161.774168968,68.562,True
162.967748165,nan,True
164.034183979,68.562,True
165.104175091,68.562,True
166.297723055,nan,True
167.364171982,68.562,True
168.464169025,68.562,True
169.657727003,nan,True
170.724164963,68.562,True
171.917721033,nan,True
173.157742977,nan,True
174.224179983,68.562,True
175.417737007,nan,True
176.484185934,68.562,True
177.544166088,68.562,True
178.737745047,nan,True
179.804141998,68.562,True
181.664237022,68.562,True
182.724164963,68.562,True
183.917725086,nan,True
184.98418808,68.562,True
186.984218121,68.562,True
188.054175138,68.562,True
189.24772501,nan,True
190.314167023,68.562,True
192.314233065,68.562,True
193.374195099,68.562,True
194.567753077,nan,True
195.634181023,68.562,True
196.827722073,nan,True
198.04778409,nan,True
199.114170074,68.562,True
200.307722092,nan,False
201.374207973,68.562,False
202.434169054,68.562,False
203.627727985,nan,False
204.694175005,68.562,False
206.554208994,68.562,False
207.614220142,68.562,False
208.807736158,nan,False
209.874201059,68.562,False
211.874248981,68.562,False
212.934179068,68.562,False
214.127763987,nan,False
215.194175959,68.562,False
217.194201946,68.562,False
218.254174948,68.562,False
219.447751045,nan,False
220.514258146,68.562,False
222.514243126,68.562,False
223.57420516,68.562,False
224.767749071,nan,False
225.834180117,68.562,False
227.027725935,nan,False
228.267750025,nan,False
229.334159136,68.562,False
230.527730942,nan,False
231.594177008,68.562,False
232.654178143,68.562,False
233.847722054,nan,False
234.914173126,68.562,False
236.774230957,68.562,False
237.83417201,68.562,False
239.027730942,nan,False
240.094177961,68.562,False
242.094238043,68.562,False
243.164179087,68.562,False
244.357707024,nan,False
245.424181938,68.562,False
246.617733002,nan,False
247.857733011,nan,False
248.924180984,68.562,False
250.117743015,nan,False
251.184189081,68.562,False
252.244171143,68.562,False
253.437730074,nan,False
254.50417614,68.562,False
255.624175072,68.562,False
256.817719936,nan,False
257.884187937,68.562,False
259.077760935,nan,False
260.317706108,nan,False
261.384202003,68.562,False
262.577777147,nan,False
263.644163132,68.562,False
264.704180956,68.562,False
265.897722006,nan,False
266.964172125,68.562,False
268.824242115,68.562,False
269.88419795,68.5,False
271.087733984,nan,False
272.154175043,68.562,False
273.347731113,nan,False
274.547719955,nan,False
275.614181042,68.562,False
276.807729959,nan,False
277.874202013,68.5,False
278.93416214,68.562,False
280.127732992,nan,False
281.194174051,68.562,False
283.044203043,68.562,False
284.104179144,68.562,False
285.297728062,nan,False
286.364174128,68.562,False
287.557728052,nan,False
288.777724981,nan,False
289.844172001,68.5,False
291.037718058,nan,False
292.104177952,68.5,False
293.174214125,68.562,False
294.367750168,nan,False
295.434169054,68.5,False
297.274271011,68.562,False
298.334167004,68.5,False
299.527732134,nan,False
300.594172001,68.5,True
301.787749052,nan,True
303.027719975,nan,True
304.094179153,68.5,True
305.287728071,nan,True
306.354182959,68.5,True
307.41416502,68.562,True
308.607748985,nan,True
309.674188137,68.5,True
310.794175148,68.5,True
311.98771596,nan,True
313.054173946,68.5,True
314.247753143,nan,True
315.487746,nan,True
316.554163933,68.5,True
317.747729063,nan,True
318.814177036,68.5,True
319.874199152,68.562,True
321.077733994,nan,True
322.144174099,68.5,True
323.984235048,68.5,True
325.044173002,68.5,True
326.24774313,nan,True
327.314173937,68.5,True
328.507733107,nan,True
329.707766056,nan,True
330.774203062,68.5,True
331.967759132,nan,True
333.034176111,68.5,True
334.094187975,68.5,True
335.287738085,nan,True
336.354182005,68.5,True
337.454163074,68.5,True
338.647727966,nan,True
339.714169025,68.5,True
340.907742977,nan,True
342.147787094,nan,True
343.214195013,68.5,True
344.407725096,nan,True
345.474208117,68.5,True
346.534166098,68.5,True
347.727733135,nan,True
348.794178963,68.5,True
349.934174061,68.5,True
351.127723932,nan,True
352.194175005,68.5,True
353.38775897,nan,True
354.627757072,nan,True
355.69423008,68.5,True
356.887710094,nan,True
357.954172134,68.5,True
359.014174938,68.5,True
360.207796097,nan,True
361.274191141,68.5,True
363.134196043,68.5,True
364.194175959,68.5,True
365.387729168,nan,True
366.454178095,68.5,True
367.647706985,nan,True
368.84772706,nan,True
369.914176941,68.5,True
371.107726097,nan,True
372.174263954,68.5,True
373.234166145,68.5,True
374.427730083,nan,True
375.494186163,68.5,True
376.594182014,68.5,True
377.787743092,nan,True
378.854171991,68.5,True
380.04770112,nan,True
381.287786007,nan,True
382.354171038,68.5,True
383.547726154,nan,True
384.614174128,68.5,True
385.674198151,68.5,True
386.867746115,nan,True
387.934781075,68.5,True
389.084208965,68.5,True
390.277776003,nan,True
391.344164133,68.5,True
392.537734985,nan,True
393.777732134,nan,True
394.844210148,68.5,True
396.037709951,nan,True
397.104176044,68.5,True
398.164175987,68.5,True
399.357784033,nan,True
400.424170017,68.5,False
402.28423214,68.5,False
403.344167948,68.5,False
404.537732124,nan,False
405.604192972,68.5,False
406.797960043,nan,False
408.018337011,nan,False
409.084203005,68.5,False
410.277754068,nan,False
411.344174147,68.5,False
412.404165983,68.5,False
413.59773016,nan,False
414.664173126,68.5,False
416.524235964,68.5,False
417.584208012,68.5,False
418.777781963,nan,False
419.844146967,68.5,False
421.844246149,68.5,False
422.914184093,68.5,False
424.107727051,nan,False
425.174190044,68.5,False
426.367805004,nan,False
427.567758083,nan,False
428.634214163,68.5,False
429.827728987,nan,False
430.89417696,68.5,False
431.954174042,68.5,False
433.147724152,nan,False
434.344179153,68.5,False
435.404179096,68.5,False
436.597751141,nan,False
437.664196968,68.5,False
439.624197006,68.5,False
440.684189081,68.5,False
441.877743006,nan,False
442.944175005,68.5,False
444.137707949,nan,False
445.357753992,nan,False
446.424173117,68.5,False
447.617718935,nan,False
448.684180021,68.5,False
449.744171143,68.5,False
450.937721014,nan,False
452.004177094,68.5,False
453.124161005,68.5,False
454.31772995,nan,False
455.444180012,68.5,False
456.664186001,68.5,False
457.857777119,nan,False
458.924165964,68.5,False
460.117711067,nan,False
461.357728004,nan,False
462.424180031,68.5,False
463.617720127,nan,False
464.684189081,68.5,False
465.744176149,68.5,False
466.937783003,nan,False
468.004169941,68.5,False
469.114175081,68.5,False
470.307733059,nan,False
471.434191942,68.5,False
472.654166937,68.5,False
473.847746134,nan,False
474.914180994,68.5,False
476.107726097,nan,False
477.347787142,nan,False
478.414175987,68.5,False
479.607723951,nan,False
480.674196959,68.5,False
482.667816162,nan,False
483.734176159,68.5,False
484.927785158,nan,False
485.994163036,68.5,False
487.054170132,68.5,False
488.248327017,nan,False
489.314269066,68.5,False
490.454183102,68.5,False
491.647750139,nan,False
492.714394093,68.5,False
493.907776117,nan,False
495.147719145,nan,False
496.214262962,68.5,False
497.407737017,nan,False
498.474195004,68.5,False
499.534183979,68.5,False
500.727756023,nan,True
501.794188023,68.5,True
503.654269934,68.5,True
504.71433115,68.5,True
505.907793999,nan,True
506.974182129,68.5,True
508.167747974,nan,True
509.387751102,nan,True
510.454209089,68.5,True
511.647716999,nan,True
512.714211941,68.5,True
513.774214029,68.5,True
514.967843056,nan,True
516.034175158,68.5,True
517.154181957,68.5,True
518.347741127,nan,True
519.414203167,68.5,True
520.607742071,nan,True
521.847757101,nan,True
522.914186954,68.5,True
524.107800007,nan,True
525.174194098,68.5,True
526.234179974,68.5,True
527.437741995,nan,True
528.504179001,68.5,True
529.604172945,68.5,True
530.807752132,nan,True
531.874212027,68.5,True
533.067755938,nan,True
534.287727118,nan,True
535.354202032,68.5,True
536.547729015,nan,True
537.614181995,68.5,True
538.674185038,68.5,True
539.867805958,nan,True
540.934188128,68.5,True
542.794197083,68.5,True
543.864196062,68.5,True
545.057780027,nan,True
546.124171019,68.5,True
547.317741156,nan,True
548.517750978,nan,True
549.584221125,68.5,True
550.777719021,nan,True
551.844207048,68.5,True
552.904194117,68.5,True
554.09773016,nan,True
555.164173126,68.5,True
556.284182072,68.5,True
557.477757931,nan,True
558.54418993,68.5,True
559.737738132,nan,True
560.977756023,nan,True
562.044176102,68.5,True
563.23774004,nan,True
564.304250956,68.5,True
565.364762068,68.5,True
566.557729006,nan,True
567.62418294,68.5,True
569.484277964,68.5,True
570.544183969,68.5,True
571.787727118,nan,True
572.854182005,68.5,True
574.814201117,68.5,True
575.874207973,68.5,True
577.07775712,nan,True
578.144178152,68.5,True
580.144222021,68.5,True
581.204188108,68.5,True
582.407757998,nan,True
583.47419405,68.5,True
584.667766094,nan,True
585.867748022,nan,True
586.934381008,68.5,True
588.127722025,nan,True
589.194183111,68.5,True
590.254186153,68.5,True
591.447788954,nan,True
592.514173985,68.5,True
593.634195089,68.5,True
594.827726126,nan,True
595.894180059,68.5,True
597.087729931,nan,True
598.327763081,nan,True
599.394190073,68.5,True
600.587790966,nan,False
601.654183149,68.5,False
602.714174986,68.5,False
603.907727003,nan,False
604.974269152,68.5,False
606.09418416,68.5,False
607.287734032,nan,False
608.354180098,68.5,False
609.547788143,nan,False
610.787728071,nan,False
611.854177952,68.5,False
613.047830105,nan,False
614.114176989,68.5,False
615.174257994,68.5,False
616.397737026,nan,False
617.464204073,68.5,False
618.544178009,68.5,False
619.737709999,nan,False
620.804182053,68.5,False
621.997733116,nan,False
623.237731934,nan,False
624.304191113,68.5,False
625.497727156,nan,False
626.56418395,68.5,False
627.624177933,68.5,False
628.817717075,nan,False
629.884214163,68.5,False
631.004178047,68.5,False
632.197739124,nan,False
633.264179945,68.5,False
634.457738161,nan,False
635.697726965,nan,False
636.764194012,68.5,False
637.957729101,nan,False
639.024176121,68.5,False
640.084219933,68.5,False
641.277729034,nan,False
642.34418416,68.5,False
643.464195013,68.5,False
644.657735109,nan,False
645.724370956,68.5,False
646.91772604,nan,False
648.157736063,nan,False
649.224195004,68.5,False
650.42773509,nan,False
651.496531963,68.5,False
652.564181089,68.5,False
653.757733107,nan,False
654.824180126,68.5,False
655.924165964,68.5,False
657.117738962,nan,False
658.184206963,68.5,False
659.377758026,nan,False
660.617814064,nan,False
661.684195042,68.5,False
662.877756119,nan,False
663.944204092,68.5,False
665.006482124,68.5,False
666.207724094,nan,False
667.274228096,68.5,False
668.374221087,68.5,False
669.567850113,nan,False
670.634171963,68.5,False
671.827744007,nan,False
673.067760944,nan,False
674.134180069,68.5,False
675.327718019,nan,False
676.404181004,68.5,False
677.464200974,68.5,False
678.657797098,nan,False
679.724188089,68.5,False
681.564280033,68.5,False
682.624177933,68.5,False
683.857736111,nan,False
684.924188137,68.5,False
686.884261131,68.5,False
687.944185019,68.5,False
689.147809029,nan,False
690.214177132,68.5,False
691.407726049,nan,False
692.60773015,nan,False
693.674210072,68.5,False
694.867745161,nan,False
695.934189081,68.5,False
696.994183064,68.5,False
698.187804937,nan,False
699.264177084,68.437,False
700.334161043,68.5,True
701.527733088,nan,True
702.594256163,68.5,True
703.787743092,nan,True
705.027729988,nan,True
706.094189167,68.5,True
707.287729025,nan,True
708.354167938,68.5,True
709.414185047,68.5,True
710.607748032,nan,True
711.674209118,68.5,True
713.554244041,68.437,True
714.61423111,68.5,True
715.807733059,nan,True
716.874238968,68.437,True
718.067754984,nan,True
719.287752151,nan,True
720.354203939,68.437,True
721.547747135,nan,True
722.614189148,68.437,True
723.674206018,68.5,True
724.867738008,nan,True
725.934182167,68.437,True
727.794230938,68.437,True
728.854177952,68.5,True
730.047724962,nan,True
731.114238024,68.5,True
733.11425209,68.437,True
734.184218168,68.437,True
735.377720118,nan,True
736.444193125,68.437,True
737.637722015,nan,True
738.837731123,nan,True
739.904160023,68.437,True
741.09773612,nan,True
742.164185047,68.5,True
743.224184036,68.5,True
744.417782068,nan,True
745.484190941,68.5,True
746.584202051,68.437,True
747.77779007,nan,True
748.844166994,68.437,True
750.037739038,nan,True
751.277729034,nan,True
752.344177961,68.5,True
753.537722111,nan,True
754.604186058,68.437,True
755.664181948,68.5,True
756.857728958,nan,True
757.924170971,68.437,True
759.064181089,68.437,True
760.257740021,nan,True
761.324191093,68.5,True
762.517730951,nan,True
763.75773716,nan,True
764.824178934,68.437,True
766.017730951,nan,True
767.084198952,68.437,True
768.154186964,68.5,True
769.34773016,nan,True
770.414176941,68.437,True
772.254539013,68.437,True
773.314176083,68.437,True
774.507727146,nan,True
775.574208021,68.437,True
777.57425499,68.437,True
778.644197941,68.437,True
779.837756157,nan,True
780.904205084,68.437,True
782.097723007,nan,True
783.297760963,nan,True
784.364180088,68.437,True
785.557736158,nan,True
786.624181032,68.437,True
787.684196949,68.437,True
788.877761126,nan,True
790.467788935,nan,True
791.534178972,68.437,True
792.727787018,nan,True
793.967743158,nan,True
795.044202089,68.437,True
796.237744093,nan,True
797.304183006,68.437,True
798.364169121,68.437,True
799.557747126,nan,True
800.62418294,68.437,False
801.744235039,68.437,False
802.937719107,nan,False
804.004179001,68.437,False
805.197726965,nan,False
806.437755108,nan,False
807.504181147,68.437,False
808.697730064,nan,False
809.764204025,68.437,False
810.824183941,68.437,False
812.017738104,nan,False
813.084211111,68.437,False
814.204194069,68.437,False
815.397752047,nan,False
816.46419096,68.437,False
817.657721043,nan,False
818.897735119,nan,False
819.964154005,68.437,False
821.157729149,nan,False
822.224179029,68.437,False
823.324191093,68.437,False
824.517739058,nan,False
825.584206104,68.437,False
826.664176941,68.437,False
827.857727051,nan,False
829.857776165,nan,False
830.924181938,68.437,False
832.117728949,nan,False
833.317790985,nan,False
834.384192944,68.437,False
836.304245949,68.437,False
837.364174128,68.437,False
838.557734013,nan,False
839.62419796,68.437,False
841.624243975,68.437,False
842.684190035,68.437,False
843.877804041,nan,False
844.944172144,68.437,False
846.944257021,68.437,False
848.004164934,68.437,False
849.197726011,nan,False
850.264183998,68.437,False
852.264286995,68.437,False
853.324180126,68.437,False
854.517743111,nan,False
855.584201097,68.437,False
856.777729034,nan,False
858.017734051,nan,False
859.084206104,68.437,False
860.27779603,nan,False
861.344434023,68.437,False
862.404190063,68.437,False
863.59773016,nan,False
864.664169073,68.437,False
865.784175158,68.437,False
866.987729073,nan,False
868.054177999,68.437,False
869.247806072,nan,False
870.467764139,nan,False
871.534181118,68.437,False
872.727722168,nan,False
873.794229984,68.437,False
874.854176998,68.437,False
876.047731161,nan,False
877.174219131,68.437,False
878.244203091,68.437,False
879.437737942,nan,False
880.504812956,68.437,False
881.707736969,nan,False
882.947792053,nan,False
884.01424098,68.437,False
885.207726955,nan,False
886.274208069,68.437,False
887.334180117,68.437,False
888.527734995,nan,False
889.594179153,68.437,False
891.454231024,68.437,False
892.514181137,68.437,False
893.707747936,nan,False
894.804243088,68.437,False
896.784259081,68.437,False
897.844177008,68.437,False
899.037719965,nan,False
900.104165077,68.437,True
902.104208946,68.437,True
903.164178133,68.437,True
904.357757092,nan,True
905.424287081,68.437,True
906.617714167,nan,True
907.857733965,nan,True
908.924189091,68.437,True
910.117747068,nan,True
911.184199095,68.437,True
912.24419713,68.437,True
913.437744141,nan,True
914.504179955,68.437,True
915.624180079,68.437,True
916.817728996,nan,True
917.884217978,68.437,True
919.07774806,nan,True
920.317783117,nan,True
921.384215117,68.437,True
922.577769995,nan,True
923.644207954,68.437,True
924.704165936,68.437,True
925.897758007,nan,True
926.964182138,68.437,True
928.814203024,68.437,True
929.87420702,68.437,True
931.067762136,nan,True
932.134180069,68.437,True
933.337737083,nan,True
934.537734032,nan,True
935.604176998,68.437,True
936.797713995,nan,True
937.864179134,68.437,True
938.924178123,68.437,True
940.117733002,nan,True
941.184183121,68.437,True
942.304182053,68.437,True
943.497746944,nan,True
944.564178944,68.437,True
945.757717133,nan,True
946.997735977,nan,True
948.064173937,68.437,True
949.257786989,nan,True
950.324183941,68.437,True
951.384202957,68.437,True
952.577760935,nan,True
953.644190073,68.437,True
954.764172077,68.437,True
955.96776104,nan,True
957.034178019,68.437,True
958.227735043,nan,True
959.447868109,nan,True
960.51417613,68.437,True
961.707726002,nan,True
962.774199963,68.437,True
963.834187984,68.437,True
965.027723074,nan,True
966.094182014,68.437,True
967.964226007,68.437,True
969.024178028,68.437,True
970.217740059,nan,True
971.284202099,68.437,True
973.284252167,68.437,True
974.344177008,68.437,True
975.537740946,nan,True
976.604179144,68.437,True
977.807729959,nan,True
979.007778168,nan,True
980.074165106,68.437,True
981.267873049,nan,True
982.334191084,68.437,True
983.394261122,68.437,True
984.587738037,nan,True
985.654181957,68.437,True
986.774203062,68.437,True
987.967822075,nan,True
989.034173012,68.437,True
990.227730036,nan,True
991.467767,nan,True
992.534181118,68.437,True
993.727729082,nan,True
994.794249058,68.437,True
995.854171991,68.437,True
997.04778409,nan,True
998.114177942,68.437,True
999.234208107,68.437,True
1000.81772995,nan,False
1001.88420415,68.437,False
1002.94423008,68.437,False
1004.1377871,nan,False
1005.20419002,68.437,False
1006.34418607,68.437,False
1007.53779602,nan,False
1008.60417414,68.437,False
1009.79773307,nan,False
1011.03773093,nan,False
1012.10417914,68.437,False
1013.29772305,nan,False
1014.364182,68.437,False
1015.42427707,68.437,False
1016.61774206,nan,False
1017.68420005,68.437,False
1019.54425597,68.437,False
1020.60416913,68.437,False
1021.79772806,nan,False
1022.86417603,68.437,False
1024.86425805,68.437,False
1025.92418194,68.437,False
1027.11775494,nan,False
1028.18420315,68.437,False
1030.18425608,68.437,False
1031.24429202,68.437,False
1032.43777204,nan,False
1033.50426602,68.437,False
1035.50421906,68.437,False
1036.56417394,68.437,False
1037.75773215,nan,False
1038.82417607,68.437,False
1040.01772904,nan,False
1041.25796199,nan,False
1042.324193,68.437,False
1043.51778698,nan,False
1044.58419204,68.437,False
1045.6441741,68.437,False
1046.83782911,nan,False
1047.90416503,68.437,False
1049.02417707,68.437,False
1050.22773409,nan,False
1051.29418302,68.437,False
1052.48779011,nan,False
1053.70772314,nan,False
1054.77420712,68.437,False
1055.96775103,nan,False
1057.03420305,68.437,False
1058.09417295,68.437,False
1059.28773594,nan,False
1060.354182,68.437,False
1061.47429895,68.437,False
1062.66774797,nan,False
1063.73418403,68.437,False
1064.92772293,nan,False
1066.16780996,nan,False
1067.48428893,68.437,False
1068.58420515,68.437,False
1069.77783608,nan,False
1070.84418702,68.437,False
1072.03779197,nan,False
1073.27773094,nan,False
1074.34418607,68.437,False
1075.53775811,nan,False
1076.60417295,68.437,False
1077.66418195,68.437,False
1078.85772109,nan,False
1079.92418003,68.375,False
1081.04424405,68.437,False
1082.23782706,nan,False
1083.30421996,68.375,False
1084.49774313,nan,False
1085.73775005,nan,False
1086.80419517,68.375,False
1087.99772596,nan,False
1089.06417298,68.375,False
1090.13420105,68.437,False
1091.32781315,nan,False
1092.39417505,68.437,False
1094.23419309,68.437,False
1095.30417895,68.375,False
1096.49772596,nan,False
1097.56423903,68.375,False
1098.75771403,nan,False
1099.95772314,nan,False
1101.02419209,68.375,True
1102.21773314,nan,True
1103.28417206,68.437,True
1104.34418607,68.437,True
1105.53773308,nan,True
1106.60418606,68.437,True
1107.72417808,68.437,True
1108.91773701,nan,True
1109.9842,68.375,True
1111.17781115,nan,True
1113.32419395,68.375,True
1114.51773405,nan,True
1115.58426905,68.375,True
1116.64430809,68.375,True
1117.83772802,nan,True
1118.904176,68.375,True
1120.09781599,nan,True
1121.33772397,nan,True
1122.40419316,68.375,True
1123.59773612,nan,True
1124.66420507,68.375,True
1125.72417212,68.437,True
1126.91772413,nan,True
1127.98421311,68.375,True
1129.09424901,68.437,True
1130.28772497,nan,True
1131.35417104,68.375,True
1132.54772615,nan,True
1133.78777194,nan,True
1134.85418296,68.375,True
1136.04774213,nan,True
1137.11420512,68.375,True
1138.17422009,68.437,True
1139.36777496,nan,True
1140.43418217,68.375,True
1142.31420398,68.375,True
1143.37420702,68.375,True
1144.56777096,nan,True
1145.63418794,68.375,True
1147.63425708,68.437,True
1148.69418907,68.375,True
1149.88771796,nan,True
1150.954175,68.375,True
1152.95421314,68.375,True
1154.01417613,68.375,True
1155.20773602,nan,True
1156.27422214,68.375,True
1157.46774912,nan,True
1158.707726,nan,True
1159.77419209,68.375,True
1160.96776104,nan,True
1162.0341661,68.375,True
1163.09417605,68.437,True
1164.28773308,nan,True
1165.35418701,68.375,True
1166.47424316,68.375,True
1167.66775012,nan,True
1168.73418403,68.375,True
1169.92773414,nan,True
1171.16782594,nan,True
1172.23417306,68.375,True
1173.43774295,nan,True
1174.50417995,68.375,True
1175.56418395,68.375,True
1176.75772405,nan,True
1177.82419109,68.375,True
1178.92417908,68.375,True
1180.11788416,nan,True
1181.18417501,68.375,True
1182.38775206,nan,True
1183.60773396,nan,True
1184.67422199,68.375,True
1185.86775208,nan,True
1186.93420815,68.375,True
1187.99419999,68.375,True
1189.18779612,nan,True
1190.25417995,68.375,True
1191.37422609,68.375,True
1192.56775808,nan,True
1193.63427114,68.375,True
1194.82772398,nan,True
1196.06778908,nan,True
1197.13418508,68.375,True
1198.32774401,nan,True
1199.39418602,68.375,True
1200.45419693,68.375,False
1201.64773893,nan,False
1202.714185,68.375,False
1204.57427502,68.375,False
1205.63654804,68.375,False
1206.83772993,nan,False
1207.90418696,68.375,False
1209.09773803,nan,False
1210.29780316,nan,False
1211.36418295,68.375,False
1212.55773711,nan,False
1213.79772902,nan,False
1214.86418295,68.375,False
1216.05774999,nan,False
1217.12418103,68.375,False
1218.19418502,68.375,False
1219.38773298,nan,False
1220.45433712,68.375,False
1221.65418315,68.375,False
1222.84773707,nan,False
1223.91419005,68.375,False
1225.87428403,68.375,False
1226.93419194,68.375,False
1228.12773395,nan,False
1229.19418216,68.375,False
1230.38773894,nan,False
1231.60774803,nan,False
1232.67432213,68.375,False
1233.86775994,nan,False
1234.93419003,68.375,False
1235.99418616,68.375,False
1237.18780494,nan,False
1238.254179,68.375,False
1239.37421799,68.375,False
1240.5677681,nan,False
1241.63417411,68.375,False
1242.82773399,nan,False
1244.06786203,nan,False
1245.13418913,68.375,False
1246.32780194,nan,False
1247.39417195,68.375,False
1248.45418811,68.375,False
1249.64773011,nan,False
1250.7142601,68.375,False
1251.83417201,68.375,False
1253.03773594,nan,False
1254.10419106,68.375,False
1255.29780197,nan,False
1256.5177691,nan,False
1257.58421516,68.375,False
1258.77772403,nan,False
1259.84415603,68.375,False
1260.90417504,68.375,False
1262.09773397,nan,False
1263.16418314,68.375,False
1265.03425407,68.375,False
1266.09419012,68.375,False
1267.28780293,nan,False
1268.35418606,68.375,False
1270.35426116,68.375,False
1271.41417813,68.375,False
1272.60774708,nan,False
1273.67420816,68.375,False
1274.87780714,nan,False
1276.077739,nan,False
1277.14418602,68.375,False
1278.33772707,nan,False
1279.40419197,68.375,False
1280.46417499,68.375,False
1281.65772414,nan,False
1282.72417808,68.375,False
1283.82418704,68.375,False
1285.01772904,nan,False
1286.08421206,68.375,False
1287.27774596,nan,False
1288.51776814,nan,False
1289.584203,68.375,False
1290.77776599,nan,False
1291.84417701,68.375,False
1292.90418315,68.375,False
1294.09771514,nan,False
1295.16418195,68.375,False
1296.30420709,68.375,False
1297.49773812,nan,False
1298.56417108,68.375,False
1299.75773215,nan,False
1300.99772906,nan,True
1302.064183,68.375,True
1303.26786804,nan,True
1304.33418298,68.375,True
1305.39418316,68.375,True
1306.58776999,nan,True
1307.654212,68.375,True
1309.49426103,68.375,True
1310.55417299,68.375,True
1311.74774194,nan,True
1312.814183,68.375,True
1314.81422114,68.375,True
1315.87420797,68.375,True
1317.06775498,nan,True
1318.13417602,68.375,True
1320.14426017,68.375,True
1321.20417595,68.375,True
1322.39773107,nan,True
1323.46420002,68.375,True
1324.65779305,nan,True
1325.87783504,nan,True
1326.94417405,68.375,True
1328.13773394,nan,True
1329.20418811,68.375,True
1330.27655196,68.375,True
1331.47775602,nan,True
1332.54418206,68.375,True
1333.64418602,68.375,True
1334.8378861,nan,True
1335.90417814,68.375,True
1337.09773803,nan,True
1338.33773112,nan,True
1339.40418816,68.375,True
1340.59773803,nan,True
1341.66417694,68.375,True
1342.72418213,68.375,True
1343.9178071,nan,True
1344.98418713,68.375,True
1346.10418415,68.375,True
1347.30773997,nan,True
1348.37431407,68.375,True
1349.56775093,nan,True
1350.78772998,nan,True
1351.8541851,68.375,True
1353.04772902,nan,True
1354.11417794,68.375,True
1355.17421198,68.375,True
1356.36775494,nan,True
1357.43418813,68.375,True
1359.29426408,68.375,True
1360.354249,68.375,True
1361.54772997,nan,True
1362.61418414,68.375,True
1363.81774116,nan,True
1365.01773596,nan,True
1366.084198,68.375,True
1367.27773499,nan,True
1368.34418607,68.375,True
1369.40418911,68.375,True
1370.59772396,nan,True
1371.66417813,68.375,True
1372.78418112,68.375,True
1373.97784495,nan,True
1375.04417205,68.375,True
1376.23775196,nan,True
1377.47777605,nan,True
1378.54418397,68.375,True
1379.73772907,nan,True
1380.80418205,68.375,True
1381.8641901,68.375,True
1383.05774498,nan,True
1384.12417793,68.375,True
1385.98428702,68.375,True
1387.04422116,68.312,True
1388.23774815,nan,True
1389.30418611,68.375,True
1391.30447412,68.312,True
1392.36417913,68.312,True
1393.55774403,nan,True
1394.62417412,68.312,True
1396.6242671,68.375,True
1397.69418097,68.312,True
1398.88773513,nan,True
1399.95418501,68.312,True
1401.14774799,nan,False
1402.38780808,nan,False
1403.45417595,68.312,False
1404.64773202,nan,False
1405.71418405,68.312,False
1406.77420402,68.375,False
1407.96775293,nan,False
1409.03418303,68.312,False
1410.15418696,68.375,False
1411.34772301,nan,False
1412.41418099,68.312,False
1413.60774112,nan,False
1414.84773207,nan,False
1415.91426015,68.312,False
1417.10772896,nan,False
1418.17420912,68.312,False
1419.23418212,68.375,False
1420.46784306,nan,False
1421.54416609,68.312,False
1422.60418606,68.312,False
1423.79774308,nan,False
1424.86418605,68.312,False
1426.05773306,nan,False
1427.29773116,nan,False
1428.36418509,68.312,False
1429.55780506,nan,False
1431.52485514,68.312,False
1432.72773314,nan,False
1433.79418516,68.312,False
1434.98773193,nan,False
1436.20773697,nan,False
1437.27422404,68.312,False
1438.46784997,nan,False
1439.53417897,68.312,False
1440.65420794,68.312,False
1441.84773111,nan,False
1442.91430998,68.312,False
1443.98420405,68.312,False
1445.17776108,nan,False
1446.24420214,68.312,False
1447.43780708,nan,False
1448.67775202,nan,False
1449.74419308,68.312,False
1450.93773413,nan,False
1452.00417805,68.312,False
1453.06417799,68.312,False
1454.25775003,nan,False
1455.34418511,68.312,False
1456.44427013,68.312,False
1457.63774896,nan,False
1458.70418501,68.312,False
1459.89770412,nan,False
1461.13781905,nan,False
1462.20417905,68.312,False
1463.39773297,nan,False
1464.46419311,68.312,False
1465.52418709,68.312,False
1466.71772313,nan,False
1467.78417802,68.312,False
1468.92418194,68.312,False
1470.11779714,nan,False
1471.18418407,68.312,False
1472.38773108,nan,False
1473.60777307,nan,False
1474.67419815,68.312,False
1475.86776114,nan,False
1476.93418908,68.312,False
1478.05418897,68.312,False
1479.24772596,nan,False
1480.31417298,68.312,False
1481.37422204,68.312,False
1482.56777,nan,False
1483.63418007,68.312,False
1484.82774401,nan,False
1486.06775212,nan,False
1487.13418412,68.312,False
1488.32777214,nan,False
1489.39417911,68.312,False
1490.45418906,68.312,False
1491.64775896,nan,False
1492.7141881,68.312,False
1494.59425902,68.312,False
1495.65417814,68.312,False
1496.84771299,nan,False
1497.91417813,68.312,False
1499.91420197,68.312,False
1500.98419809,68.312,True
1502.17775416,nan,True
1503.24420404,68.312,True
1505.24428701,68.312,True
1506.30418205,68.312,True
1507.49783301,nan,True
1508.56417608,68.312,True
1510.56426597,68.312,True
1511.62418008,68.312,True
1512.82773209,nan,True
1513.89418602,68.312,True
1515.08780503,nan,True
1516.32771611,nan,True
1517.39418602,68.312,True
1518.58773994,nan,True
1519.6541841,68.312,True
1520.71416807,68.312,True
1521.90774107,nan,True
1522.97420311,68.312,True
1524.08428097,68.312,True
1525.27771807,nan,True
1526.34419107,68.25,True
1527.53773904,nan,True
1528.77776909,nan,True
1529.84416103,68.312,True
1531.03772998,nan,True
1532.10417914,68.25,True
1533.16417813,68.312,True
1534.35775113,nan,True
1535.42419314,68.25,True
1536.61774397,nan,True
1537.81773901,nan,True
1538.88418102,68.25,True
1540.82425904,68.25,True
1541.88418198,68.25,True
1543.07776093,nan,True
1544.14418101,68.25,True
1546.14422512,68.25,True
1547.21418095,68.25,True
1548.40772796,nan,True
1549.47419,68.25,True
1550.66775513,nan,True
1551.90774608,nan,True
1552.97419214,68.25,True
1554.16781116,nan,True
1555.23418117,68.25,True
1556.29419398,68.25,True
1557.48775697,nan,True
1558.79419208,68.25,True
1559.8541801,68.25,True
1561.04772496,nan,True
1562.11417794,68.25,True
1563.23418593,68.25,True
1564.43783307,nan,True
1565.50417805,68.25,True
1566.69774508,nan,True
1567.91773105,nan,True
1568.98419499,68.25,True
1570.17779398,nan,True
1571.24417901,68.25,True
1572.30419397,68.25,True
1573.49773598,nan,True
1574.5641911,68.25,True
1575.66419196,68.25,True
1576.85775805,nan,True
1577.92418814,68.25,True
1579.11772203,nan,True
1580.35774612,nan,True
1581.42418504,68.25,True
1582.61778808,nan,True
1583.68422008,68.25,True
1584.74418497,68.25,True
1585.93773794,nan,True
1587.00418997,68.25,True
1588.86424994,68.25,True
1589.92417812,68.25,True
1591.11772513,nan,True
1592.18421316,68.25,True
1594.18425012,68.25,True
1595.24417496,68.25,True
1596.43777514,nan,True
1597.50425196,68.25,True
1599.50424695,68.25,True
1600.56416607,68.25,False
1601.75773406,nan,False
1602.82418394,68.25,False
1604.82424617,68.25,False
1605.88421702,68.25,False
1607.07774901,nan,False
1608.14423394,68.25,False
1609.33773708,nan,False
1610.57775903,nan,False
1611.64418912,68.25,False
1612.83772802,nan,False
1613.90418315,68.25,False
1614.96419001,68.25,False
1616.15773296,nan,False
1617.22417903,68.25,False
1618.34419513,68.25,False
1619.53775907,nan,False
1620.60418606,68.187,False
1621.80775404,nan,False
1623.02772117,nan,False
1624.09418607,68.187,False
1625.29776001,nan,False
1626.36418414,68.187,False
1627.42427301,68.25,False
1628.61773705,nan,False
1629.68420005,68.187,False
1631.54423094,68.187,False
1632.60418105,68.187,False
1633.79780316,nan,False
1634.86418009,68.187,False
1636.06775808,nan,False
1637.26776004,nan,False
1638.33418298,68.187,False
1639.52771711,nan,False
1640.59419799,68.187,False
1641.6541791,68.187,False
1642.84773111,nan,False
1643.91417313,68.187,False
1645.03418398,68.187,False
1646.22773004,nan,False
1647.3141861,68.187,False
1648.50774407,nan,False
1649.72773504,nan,False
1650.79418612,68.187,False
1651.98773813,nan,False
1653.05417204,68.187,False
1654.11418104,68.187,False
1655.30773211,nan,False
1656.37420607,68.187,False
1657.49418306,68.187,False
1658.68772912,nan,False
1659.75417495,68.187,False
1660.94773197,nan,False
1662.18780899,nan,False
1663.25448012,68.187,False
1664.46776414,nan,False
1665.53417516,68.187,False
1666.59417009,68.187,False
1667.78773999,nan,False
1668.85418415,68.187,False
1670.68422914,68.187,False
1671.74417996,68.187,False
1672.93773508,nan,False
1674.00418115,68.187,False
1675.20773315,nan,False
1676.40774798,nan,False
1677.47421002,68.187,False
1678.6677351,nan,False
1679.73415804,68.187,False
1680.80419111,68.187,False
1681.99776697,nan,False
1683.06417394,68.187,False
1684.16417909,68.187,False
1685.35775709,nan,False
1686.42428207,68.187,False
1687.61771703,nan,False
1688.85774899,nan,False
1689.92427611,68.187,False
1691.11773205,nan,False
1692.18419409,68.187,False
1693.24419594,68.187,False
1694.43773699,nan,False
1695.50419903,68.187,False
1696.62418413,68.187,False
1697.81773996,nan,False
1698.88421202,68.187,False
1700.077739,nan,True
1701.31779408,nan,True
1702.38420916,68.187,True
1703.57774711,nan,True
1704.64417696,68.187,True
1705.70653605,68.187,True
1706.9077251,nan,True
1707.974195,68.187,True
1709.08421206,68.187,True
1710.27779794,nan,True
1711.344172,68.187,True
1712.53832793,nan,True
1713.75774693,nan,True
1714.82429504,68.187,True
1716.01774812,nan,True
1717.08421397,68.187,True
1718.14418602,68.187,True
1719.33780909,nan,True
1720.40417004,68.187,True
1721.50419998,68.187,True
1722.69833398,nan,True
1723.76425815,68.187,True
1724.95774508,nan,True
1726.19772911,nan,True
1727.26417804,68.187,True
1728.45773005,nan,True
1729.52418494,68.187,True
1730.58421302,68.187,True
1731.77772808,nan,True
1732.84418702,68.125,True
1733.98420215,68.187,True
1735.17773914,nan,True
1736.24420714,68.187,True
1737.44774795,nan,True
1738.66773915,nan,True
1739.73418403,68.125,True
1740.92773509,nan,True
1741.99418116,68.125,True
1743.074193,68.187,True
1744.26775908,nan,True
1745.33417797,68.125,True
1747.17424703,68.125,True
1748.25418711,68.125,True
1749.45774794,nan,True
1750.52417517,68.125,True
1751.76417708,68.125,True
1752.95774198,nan,True
1754.02418804,68.125,True
1755.21772194,nan,True
1756.45773697,nan,True
1757.52417707,68.125,True
1758.71773005,nan,True
1759.78431296,68.125,True
1760.84418011,68.125,True
1762.03772807,nan,True
1763.10418606,68.125,True
1764.22418404,68.125,True
1765.4277401,nan,True
1766.49417901,68.125,True
1767.68772507,nan,True
1768.9078021,nan,True
1769.97420597,68.125,True
1771.16775203,nan,True
1772.23418903,68.125,True
1773.29430699,68.125,True
1774.48773003,nan,True
1775.61418796,68.125,True
1776.67421007,68.125,True
1777.86784601,nan,True
1778.93416405,68.125,True
1780.12771702,nan,True
1781.36778116,nan,True
1782.43421006,68.125,True
1783.62772107,nan,True
1784.69419599,68.125,True
1785.75418806,68.125,True
1786.94780016,nan,True
1788.01416802,68.125,True
1789.89425707,68.125,True
1790.95419216,68.125,True
1792.14773202,nan,True
1793.21417904,68.125,True
1795.21452594,68.125,True
1796.27422309,68.125,True
1797.46784902,nan,True
1798.534168,68.125,True
1800.53425813,68.125,False
1801.594172,68.125,False
1802.78773713,nan,False
1803.85419202,68.125,False
1805.85420704,68.125,False
1806.91418004,68.125,False
1808.10772896,nan,False
1809.17423797,68.125,False
1810.36778498,nan,False
1811.60773396,nan,False
1812.6741941,68.125,False
1813.86785412,nan,False
1814.93417597,68.125,False
1815.99417901,68.125,False
1817.18773508,nan,False
1818.25417399,68.125,False
1819.37421799,68.125,False
1820.56776094,nan,False
1821.63418102,68.125,False
1822.82771301,nan,False
1824.06775212,nan,False
1825.13417912,68.125,False
1826.33774209,nan,False
1827.40425205,68.125,False
1828.46416497,68.125,False
1829.65775299,nan,False
1830.72418094,68.125,False
1832.5642581,68.125,False
1833.62418294,68.125,False
1834.81771302,nan,False
1835.8842051,68.125,False
1837.8942771,68.125,False
1838.95420003,68.125,False
1840.14773011,nan,False
1841.21423101,68.125,False
1842.41790795,nan,False
1843.61774397,nan,False
1844.684196,68.125,False
1845.87775111,nan,False
1846.9441781,68.125,False
1848.00418115,68.125,False
1849.19774103,nan,False
1850.264189,68.125,False
1851.38427806,68.125,False
1852.57777405,nan,False
1853.64417315,68.125,False
1854.83772707,nan,False
1856.07781315,nan,False
1857.14417601,68.062,False
1858.33777308,nan,False
1859.4041791,68.125,False
1860.4642911,68.125,False
1861.65771103,nan,False
1862.72418594,68.062,False
1863.84418201,68.062,False
1865.047786,nan,False
1866.11420298,68.062,False
1867.30773115,nan,False
1868.52773404,nan,False
1869.59419107,68.062,False
1870.78771114,nan,False
1871.85417414,68.062,False
1872.91417694,68.125,False
1874.10773516,nan,False
1875.17418313,68.062,False
1876.30418706,68.062,False
1877.49772406,nan,False
1878.56419206,68.062,False
1879.75771499,nan,False
1880.99773216,nan,False
1882.06418395,68.062,False
1883.25775599,nan,False
1884.32431197,68.062,False
1885.38419604,68.062,False
1886.57776093,nan,False
1887.64419007,68.062,False
1889.50424409,68.062,False
1890.5641861,68.062,False
1891.75771999,nan,False
1892.82417297,68.062,False
1894.01772308,nan,False
1895.23773694,nan,False
1896.3041811,68.062,False
1897.49776602,nan,False
1898.56418514,68.062,False
1899.62417603,68.062,False
1900.81771612,nan,True
1901.88422012,68.062,True
1903.00417399,68.062,True
1904.20776105,nan,True
1905.27421117,68.062,True
1906.46776104,nan,True
1907.68774199,nan,True
1908.754179,68.062,True
1909.94782901,nan,True
1911.01417804,68.062,True
1912.07419205,68.062,True
1913.26779795,nan,True
1914.33418512,68.062,True
1915.45420694,68.062,True
1916.64772415,nan,True
1917.71417594,68.062,True
1918.90772605,nan,True
1920.14774704,nan,True
1921.214185,68.062,True
1922.40773106,nan,True
1923.47430801,68.062,True
1924.53417897,68.062,True
1925.72773409,nan,True
1926.79419112,68.062,True
1927.91418314,68.062,True
1929.10772514,nan,True
1930.17422414,68.062,True
1931.36778307,nan,True
1932.60780001,nan,True
1933.67420697,68.062,True
1934.86775398,nan,True
1935.93419003,68.062,True
1936.99426198,68.062,True
1938.19773912,nan,True
1939.26418209,68.062,True
1940.36423397,68.062,True
1941.55778193,nan,True
1942.62418795,68.062,True
1943.81783915,nan,True
1945.05773211,nan,True
1946.12418413,68.062,True
1947.31771708,nan,True
1948.38421106,68.062,True
1949.4441781,68.062,True
1950.63777995,nan,True
1951.70418,68.062,True
1952.82418513,68.062,True
1954.0177381,nan,True
1955.10418701,68.062,True
1956.29772401,nan,True
1957.49784398,nan,True
1958.564188,68.062,True
1959.75773001,nan,True
1960.82418394,68.062,True
1961.88421416,68.062,True
1963.07781601,nan,True
1964.14418316,68.0,True
1965.26418614,68.062,True
1966.46776009,nan,True
1967.53417802,68.062,True
1968.72772312,nan,True
1969.96774101,nan,True
1971.03418803,68.0,True
1972.22773314,nan,True
1973.29419112,68.062,True
1974.35417414,68.062,True
1975.54773307,nan,True
1976.614187,68.0,True
1977.73417306,68.062,True
1978.92773008,nan,True
1979.99415016,68.062,True
1981.18773007,nan,True
1982.42776608,nan,True
1983.49418116,68.0,True
1984.68774009,nan,True
1985.75418615,68.0,True
1986.81418395,68.062,True
1988.00771594,nan,True
1989.0741961,68.0,True
1990.19419694,68.0,True
1991.38772297,nan,True
1992.45419693,68.0,True
1993.64837313,nan,True
1994.86774397,nan,True
1995.93426895,68.0,True
1997.12778807,nan,True
1998.19417214,68.0,True
1999.25418901,68.0,True
2000.45773315,nan,False
2001.52416515,68.0,False
2003.36424899,68.0,False
2004.42418694,68.0,False
2005.61774516,nan,False
2006.6842041,68.0,False
2007.877774,nan,False
2009.09779906,nan,False
2010.16416907,68.0,False
2011.36778712,nan,False
2012.43419313,68.0,False
2013.494169,68.0,False
2014.68772411,nan,False
2015.75418305,68.0,False
2017.59420109,68.0,False
2018.65417695,68.0,False
2019.84771514,nan,False
2020.91476417,68.0,False
2022.92431617,68.0,False
2023.98429108,68.0,False
2025.17775607,nan,False
2026.24418616,68.0,False
2028.25421596,68.0,False
2029.314188,68.0,False
2030.50773716,nan,False
2031.57419896,68.0,False
2032.76774716,nan,False
2033.98775315,nan,False
2035.05418515,68.0,False
2036.24780202,nan,False
2037.31457496,68.0,False
2038.38420916,68.0,False
2039.57776093,nan,False
2040.64425302,68.0,False
2042.48428202,68.0,False
2043.55418301,68.0,False
2044.74772906,nan,False
2045.81418204,68.0,False
2047.00773096,nan,False
2048.24782395,nan,False
2049.31417012,68.0,False
2050.50784993,nan,False
2051.57421994,68.0,False
2052.63424611,68.0,False
2053.82831812,nan,False
2054.8941741,68.0,False
2056.01417112,68.0,False
2057.20777702,nan,False
2058.27421308,68.0,False
2059.46775913,nan,False
2060.707726,nan,False
2061.77423406,68.0,False
2062.96774101,nan,False
2064.03418994,68.0,False
2065.09417415,68.0,False
2066.28778601,nan,False
2067.35417199,68.0,False
2069.21424198,68.0,False
2070.27434015,68.0,False
2071.47776914,nan,False
2072.54418707,68.0,False
2074.5442481,67.937,False
2075.60422611,68.0,False
2076.80780602,nan,False
2077.87419295,68.0,False
2079.06775212,nan,False
2080.26776409,nan,False
2081.33418393,68.0,False
2082.52772403,nan,False
2083.59427905,67.937,False
2084.6541791,68.0,False
2085.8477571,nan,False
2086.91417193,67.937,False
2088.76425409,68.0,False
2089.82417107,67.937,False
2091.0177331,nan,False
2092.08420706,67.937,False
2094.10425901,67.937,False
2095.16417909,67.937,False
2096.35774493,nan,False
2097.42427707,67.937,False
2098.61772799,nan,False
2099.83772898,nan,False
2100.90417695,67.937,True
2102.0977211,nan,True
2103.16418004,67.937,True
2104.23418117,67.937,True
2105.42780304,nan,True
2106.49417305,67.937,True
2107.57421613,67.937,True
2108.76779199,nan,True
2109.83417797,67.937,True
2111.02772117,nan,True
2112.26775694,nan,True
2113.33418894,67.937,True
2114.52773213,nan,True
2115.59417415,67.937,True
2116.65427399,67.937,True
2117.84773397,nan,True
2118.91419101,67.937,True
2120.03416705,67.937,True
2121.23774409,nan,True
2122.30420303,67.937,True
2123.49774909,nan,True
2124.71782017,nan,True
2125.78419113,67.937,True
2126.97775602,nan,True
2128.04418993,67.937,True
2129.10416913,67.937,True
2130.29772997,nan,True
2131.3641901,67.937,True
2133.22419715,67.937,True
2134.28418112,67.937,True
2135.47776604,nan,True
2136.54419208,67.937,True
2138.55426311,67.937,True
2139.61419201,67.937,True
2140.80774713,nan,True
2141.87420917,67.937,True
2143.07778096,nan,True
2144.29780197,nan,True
2145.36417413,67.937,True
2146.55773497,nan,True
2147.62421012,67.937,True
2148.68420196,67.937,True
2149.87775111,nan,True
2150.94418502,67.937,True
2152.76420999,67.937,True
2153.83418202,67.937,True
2155.02772593,nan,True
2156.09418011,67.937,True
2157.28773499,nan,True
2158.48777199,nan,True
2159.5541811,67.937,True
2160.74780703,nan,True
2161.81418014,67.937,True
2162.87421513,67.937,True
2164.06777096,nan,True
2165.15418315,67.937,True
2166.23418307,67.937,True
2167.42774701,nan,True
2168.49418497,67.937,True
2169.68772817,nan,True
2170.92774701,nan,True
2171.99418116,67.937,True
2173.18773413,nan,True
2174.25652099,67.937,True
2175.32421398,67.937,True
2176.51774812,nan,True
2177.58420897,67.937,True
2178.70417213,67.937,True
2179.89772201,nan,True
2180.96418595,67.937,True
2182.16775298,nan,True
2183.38780212,nan,True
2184.4541831,67.937,True
2185.64773297,nan,True
2186.71418405,67.937,True
2187.77435994,67.937,True
2188.96775293,nan,True
2190.03418016,67.937,True
2191.15418911,67.937,True
2192.34779906,nan,True
2193.41418195,67.937,True
2194.60774302,nan,True
2195.84773302,nan,True
2196.91419315,67.875,True
2198.10771394,nan,True
2199.17420912,67.875,True
2200.23419404,67.937,False
2201.427809,nan,False
2202.49417996,67.875,False
2203.61419296,67.937,False
2204.80773401,nan,False
2205.87430406,67.875,False
2207.06775594,nan,False
2208.30773306,nan,False
2209.37421203,67.875,False
2210.56775808,nan,False
2211.63417196,67.875,False
2212.69418216,67.875,False
2213.88774395,nan,False
2214.95418096,67.875,False
2216.80427313,67.875,False
2217.8641901,67.875,False
2219.05772614,nan,False
2220.12416196,67.875,False
2221.32773805,nan,False
2222.52773213,nan,False
2223.59418297,67.875,False
2224.78772616,nan,False
2225.854182,67.875,False
2226.91419005,67.875,False
2228.10772395,nan,False
2229.17419505,67.875,False
2230.29418302,67.875,False
2231.48779416,nan,False
2232.55429816,67.875,False
2233.74773908,nan,False
2234.98774004,nan,False
2236.05418015,67.875,False
2237.2480371,nan,False
2238.32419014,67.875,False
2239.38420105,67.875,False
2240.57778907,nan,False
2241.64418316,67.875,False
2243.50425696,67.875,False
2244.56417108,67.875,False
2245.75772405,nan,False
2246.82418013,67.875,False
2248.01781702,nan,False
2249.21771407,nan,False
2250.28418994,67.875,False
2251.47776103,nan,False
2252.54418206,67.875,False
2253.60417604,67.875,False
2254.79773116,nan,False
2255.86418104,67.875,False
2256.96418715,67.875,False
2258.1577301,nan,False
2259.22418809,67.875,False
2260.41779494,nan,False
2261.65775108,nan,False
2262.72417903,67.875,False
2263.917732,nan,False
2264.98421502,67.875,False
2266.04418302,67.875,False
2267.27773905,nan,False
2268.34418416,67.875,False
2269.44419193,67.875,False
2270.63775516,nan,False
2271.70419812,67.875,False
2272.89784193,nan,False
2274.13773298,nan,False
2275.20418501,67.875,False
2276.39778614,nan,False
2277.46424103,67.875,False
2278.52419305,67.875,False
2279.71772099,nan,False
2280.7841661,67.875,False
2281.90428209,67.875,False
2283.09773207,nan,False
2284.16424394,67.875,False
2285.35771608,nan,False
2286.59773707,nan,False
2287.66417909,67.875,False
2288.857831,nan,False
2289.9243741,67.875,False
2290.98420405,67.875,False
2292.17778301,nan,False
2293.24418712,67.875,False
2294.36421609,67.875,False
2295.55773711,nan,False
2296.62418604,67.875,False
2297.817734,nan,False
2299.05780196,nan,False
2300.12416601,67.875,True
2301.32773495,nan,True
2302.39418006,67.875,True
2303.46421099,67.875,True
2304.657727,nan,True
2305.72418308,67.875,True
2306.80418205,67.875,True
2307.99778414,nan,True
2309.064183,67.812,True
2310.25773311,nan,True
2311.49775815,nan,True
2312.56418705,67.812,True
2313.75771809,nan,True
2314.82418203,67.812,True
2315.88420701,67.875,True
2317.07780695,nan,True
2318.1441741,67.812,True
2320.00424695,67.812,True
2321.06417394,67.812,True
2322.25776196,nan,True
2323.32418203,67.812,True
2325.32425809,67.812,True
2326.38422704,67.812,True
2327.57783413,nan,True
2328.64418697,67.812,True
2330.64426994,67.812,True
2331.70418,67.812,True
2332.89773202,nan,True
2333.96418715,67.812,True
2335.96422195,67.812,True
2337.02417517,67.812,True
2338.21774006,nan,True
2339.28418398,67.812,True
2340.47776794,nan,True
2341.71773815,nan,True
2342.78419399,67.812,True
2343.97780704,nan,True
2345.04417205,67.812,True
2346.10420609,67.812,True
2347.29772711,nan,True
2348.36418009,67.812,True
2349.48423004,67.812,True
2350.67775702,nan,True
2351.74418497,67.812,True
2352.93771601,nan,True
2354.17776203,nan,True
2355.24418807,67.812,True
2356.44773507,nan,True
2357.51424813,67.812,True
2358.5741961,67.812,True
2359.76775908,nan,True
2360.83418894,67.812,True
2361.93417811,67.812,True
2363.12773395,nan,True
2364.19418716,67.812,True
2365.38773298,nan,True
2366.62779999,nan,True
2367.69425297,67.812,True
2368.88773203,nan,True
2369.95418,67.812,True
2371.01424408,67.812,True
2372.20771909,nan,True
2373.27420902,67.812,True
2374.39418912,67.812,True
2375.58782911,nan,True
2376.6541791,67.812,True
2377.84773517,nan,True
2379.08773899,nan,True
2380.1541791,67.812,True
2381.34773111,nan,True
2382.41418505,67.812,True
2383.47420096,67.812,True
2384.87832403,nan,True
2385.9441781,67.812,True
2387.00417995,67.812,True
2388.19773912,nan,True
2389.26419115,67.812,True
2391.15427899,67.812,True
2392.21419001,67.812,True
2393.40771699,nan,True
2394.47422194,67.812,True
2396.47421193,67.75,True
2397.53418207,67.812,True
2398.72773695,nan,True
2399.79420304,67.812,True
2400.99773407,nan,False
2402.19773006,nan,False
2403.26418805,67.812,False
2404.45773602,nan,False
2405.52435112,67.812,False
2406.58419704,67.812,False
2407.77772498,nan,False
2408.84418011,67.75,False
2409.94417,67.812,False
2411.1377511,nan,False
2412.2041831,67.812,False
2413.39773107,nan,False
2414.63779712,nan,False
2415.70433211,67.812,False
2416.89774108,nan,False
2417.96418214,67.812,False
2419.08424211,67.812,False
2420.27771306,nan,False
2421.34418607,67.812,False
2422.42428207,67.812,False
2423.61778498,nan,False
2424.68419099,67.75,False
2425.87774611,nan,False
2427.11772108,nan,False
2428.18421006,67.75,False
2429.38773203,nan,False
2430.45419097,67.75,False
2431.51417899,67.75,False
2432.70778298,nan,False
2433.77421308,67.75,False
2434.89419007,67.75,False
2436.08773208,nan,False
2437.15423012,67.75,False
2438.34773803,nan,False
2439.58774304,nan,False
2440.65417814,67.75,False
2441.84775209,nan,False
2442.91418099,67.75,False
2443.97431707,67.75,False
2445.16778302,nan,False
2446.23418403,67.75,False
2447.35417199,67.75,False
2448.54773498,nan,False
2449.61417603,67.75,False
2450.80774403,nan,False
2452.04771304,nan,False
2453.11418104,67.75,False
2454.30773497,nan,False
2455.37420201,67.75,False
2456.43418908,67.75,False
2457.62772799,nan,False
2458.69418502,67.75,False
2460.55420208,67.75,False
2461.61418414,67.75,False
2462.81775713,nan,False
2463.88419914,67.75,False
2465.07775807,nan,False
2466.27772593,nan,False
2467.34418797,67.75,False
2468.53773093,nan,False
2469.60418916,67.75,False
2470.66417694,67.75,False
2471.85772705,nan,False
2472.92417312,67.75,False
2474.03418016,67.75,False
2475.22772312,nan,False
2476.29418206,67.75,False
2477.48772097,nan,False
2478.72776699,nan,False
2479.79418397,67.75,False
2480.98772907,nan,False
2482.05417895,67.75,False
2483.11417794,67.75,False
2484.30776596,nan,False
2485.37421203,67.75,False
2487.23425198,67.75,False
2488.29418206,67.75,False
2489.48772717,nan,False
2490.95419812,67.75,False
2492.01418805,67.75,False
2493.20773506,nan,False
2494.27420902,67.75,False
2496.13426399,67.75,False
2497.19418406,67.75,False
2498.38772416,nan,False
2499.51419902,67.75,False
2501.47424793,67.75,True
2502.53418016,67.75,True
2503.72772503,nan,True
2504.79418111,67.75,True
2506.79425311,67.75,True
2507.86418796,67.687,True
2509.05771494,nan,True
2510.12418103,67.75,True
2511.31772995,nan,True
2512.51773715,nan,True
2513.58420515,67.687,True
2514.77773094,nan,True
2515.84419012,67.75,True
2516.904181,67.75,True
2518.0977211,nan,True
2519.16418409,67.687,True
2520.28418398,67.687,True
2521.47775602,nan,True
2522.544168,67.687,True
2523.73773408,nan,True
2524.97775412,nan,True
2526.04433608,67.687,True
2527.23781204,nan,True
2528.30416393,67.687,True
2529.36418414,67.687,True
2530.55774808,nan,True
2531.62417197,67.687,True
2533.48427916,67.687,True
2534.54417205,67.687,True
2535.74772406,nan,True
2536.81418014,67.687,True
2538.81420112,67.687,True
2539.87417507,67.687,True
2541.07777214,nan,True
2542.14417911,67.687,True
2543.33772612,nan,True
2544.53775096,nan,True
2545.60418296,67.687,True
2546.79778695,nan,True
2547.86417913,67.687,True
2548.92417312,67.687,True
2550.11772799,nan,True
2551.18420005,67.687,True
2552.28418016,67.687,True
2553.47775793,nan,True
2554.54417706,67.687,True
2555.73778915,nan,True
2556.97776699,nan,True
2558.04417706,67.687,True
2559.23774505,nan,True
2560.30418611,67.687,True
2561.36417699,67.687,True
2562.55774117,nan,True
2563.62418604,67.687,True
2564.76426601,67.687,True
2565.95771813,nan,True
2567.02418613,67.687,True
2568.22801495,nan,True
2569.44778395,nan,True
2570.51417613,67.687,True
2571.70773816,nan,True
2572.77419496,67.687,True
2573.834203,67.687,True
2575.02774811,nan,True
2576.09418011,67.687,True
2577.95420194,67.687,True
2579.02419209,67.687,True
2580.21772814,nan,True
2581.28448009,67.687,True
2582.53418493,67.687,True
2583.72775507,nan,True
2584.79417896,67.687,True
2585.98776007,nan,True
2587.22772503,nan,True
2588.2941761,67.687,True
2589.48773694,nan,True
2590.55418706,67.687,True
2591.61417913,67.687,True
2592.80772805,nan,True
2593.87419915,67.687,True
2595.75424194,67.687,True
2596.81419516,67.687,True
2598.00773215,nan,True
2599.07418704,67.687,True
2601.07425404,67.687,False
2602.15417814,67.687,False
2603.34773111,nan,False
2604.41418099,67.687,False
2606.39422703,67.687,False
2607.46421909,67.687,False
2608.657727,nan,False
2609.72417593,67.687,False
2610.91772914,nan,False
2612.15785098,nan,False
2613.224195,67.625,False
2614.41788101,nan,False
2615.48421407,67.687,False
2616.54417706,67.687,False
2617.73773408,nan,False
2618.80423594,67.625,False
2620.66424394,67.625,False
2621.72416496,67.625,False
2622.91772294,nan,False
2623.98428798,67.625,False
2625.17778015,nan,False
2626.39778304,nan,False
2627.46418095,67.625,False
2628.65775609,nan,False
2629.72418499,67.625,False
2630.78426695,67.687,False
2631.97777295,nan,False
2633.04419398,67.625,False
2634.16417408,67.625,False
2635.36783195,nan,False
2636.43418694,67.625,False
2637.62772894,nan,False
2638.84773993,nan,False
2639.91432714,67.625,False
2641.10775495,nan,False
2642.17420816,67.625,False
2643.23417997,67.625,False
2644.42778301,nan,False
2645.49418306,67.625,False
2646.61426806,67.625,False
2647.80773401,nan,False
2648.87424803,67.625,False
2650.06774998,nan,False
2651.30775905,nan,False
2652.37421203,67.625,False
2653.56775403,nan,False
2654.63418007,67.625,False
2655.69428802,67.625,False
2656.88772798,nan,False
2657.95419312,67.625,False
2659.814224,67.625,False
2660.8742671,67.625,False
2662.06774998,nan,False
2663.14418912,67.625,False
2665.14421415,67.625,False
2666.2041831,67.625,False
2667.39776802,nan,False
2668.46417713,67.625,False
2670.46424508,67.625,False
2671.52419996,67.625,False
2672.71771407,nan,False
2673.78418899,67.625,False
2675.78425813,67.625,False
2676.84417796,67.625,False
2678.03773713,nan,False
2679.10419297,67.625,False
2681.10423994,67.625,False
2682.16418004,67.625,False
2683.35780096,nan,False
2684.42418194,67.625,False
2685.61773205,nan,False
2686.85772705,nan,False
2687.92448401,67.625,False
2689.11771297,nan,False
2690.184196,67.625,False
2691.24424314,67.625,False
2692.43778014,nan,False
2693.50417304,67.625,False
2695.36435509,67.625,False
2696.424191,67.625,False
2697.617733,nan,False
2698.68421197,67.625,False
2699.87779593,nan,False
2701.0977211,nan,True
2702.19418216,67.625,True
2703.38775301,nan,True
2704.62775207,nan,True
2705.69416094,67.625,True
2706.88775897,nan,True
2707.95418596,67.625,True
2709.01417994,67.625,True
2710.20771313,nan,True
2711.27421403,67.625,True
2712.43420506,67.625,True
2713.62774205,nan,True
2714.69415998,67.562,True
2715.88784504,nan,True
2717.12774897,nan,True
2718.19421601,67.562,True
2719.38781095,nan,True
2720.45419908,67.562,True
2721.51417994,67.625,True
2722.70773911,nan,True
2723.77420211,67.562,True
2724.91418409,67.625,True
2726.11835694,nan,True
2727.18419909,67.562,True
2728.37773609,nan,True
2729.61774397,nan,True
2730.68419003,67.562,True
2731.87775707,nan,True
2732.94424915,67.562,True
2734.00421214,67.625,True
2735.19773102,nan,True
2736.26421309,67.562,True
2737.374295,67.562,True
2738.56776214,nan,True
2739.63437295,67.562,True
2740.82773209,nan,True
2742.06781602,nan,True
2743.13416815,67.562,True
2744.32773113,nan,True
2745.39421105,67.562,True
2746.4542501,67.562,True
2747.64773512,nan,True
2748.714185,67.562,True
2749.83418512,67.562,True
2751.02842808,nan,True
2752.09416914,67.562,True
2753.28803205,nan,True
2754.52773094,nan,True
2755.59418702,67.562,True
2756.78772497,nan,True
2757.85418606,67.562,True
2758.91417694,67.562,True
2760.11778402,nan,True
2761.18416595,67.562,True
2762.28418803,67.562,True
2763.47775006,nan,True
2764.54418898,67.562,True
2765.73772001,nan,True
2766.97775412,nan,True
2768.04417706,67.562,True
2769.23785996,nan,True
2770.30421495,67.562,True
2771.36418796,67.562,True
2772.55773997,nan,True
2773.62418008,67.562,True
2775.48428202,67.562,True
2776.55421209,67.562,True
2777.74771094,nan,True
2778.81418896,67.562,True
2780.007725,nan,True
2781.20785093,nan,True
2782.64418697,67.562,True
2783.70416808,67.562,True
2784.897753,nan,True
2785.96432495,67.562,True
2787.18423414,67.562,True
2788.37774897,nan,True
2789.44417715,67.562,True
2790.63788009,nan,True
2791.8777771,nan,True
2792.94419003,67.562,True
2794.13773298,nan,True
2795.20418715,67.562,True
2796.26417208,67.562,True
2797.45771813,nan,True
2798.52419209,67.562,True
2799.64419007,67.562,True
2800.83772111,nan,False
2801.90521908,67.562,False
2803.10774994,nan,False
2804.32777596,nan,False
2805.39426804,67.562,False
2806.58780193,nan,False
2807.65417409,67.562,False
2808.71417713,67.562,False
2809.90772796,nan,False
2810.97418213,67.562,False
2812.09417701,67.5,False
2813.28772807,nan,False
2814.35418105,67.562,False
2815.54781699,nan,False
2816.78772902,nan,False
2817.85417795,67.5,False
2819.0477581,nan,False
2820.11417913,67.5,False
2821.17418098,67.562,False
2822.37779307,nan,False
2823.44419312,67.5,False
2824.54425597,67.5,False
2825.73771811,nan,False
2826.80420208,67.5,False
2827.99772215,nan,False
2829.23780203,nan,False
2830.30417609,67.5,False
2831.49783611,nan,False
2832.56418395,67.5,False
2833.62417603,67.5,False
2834.81771612,nan,False
2835.88420701,67.5,False
2837.74424314,67.5,False
2838.80418611,67.5,False
2839.997751,nan,False
2841.06422997,67.5,False
2843.06425595,67.5,False
2844.13418007,67.5,False
2845.32772207,nan,False
2846.39418101,67.5,False
2847.58775902,nan,False
2848.82773113,nan,False
2849.894171,67.5,False
2851.08772802,nan,False
2852.154181,67.5,False
2853.21417809,67.5,False
2854.40775013,nan,False
2855.47420311,67.5,False
2857.33420396,67.5,False
2858.39418101,67.5,False
2859.58773708,nan,False
2860.65417814,67.5,False
2861.84771609,nan,False
2863.06774807,nan,False
2864.13418198,67.5,False
2865.32776904,nan,False
2866.39416909,67.5,False
2867.45418596,67.5,False
2868.64772415,nan,False
2869.71417904,67.5,False
2871.57426214,67.5,False
2872.63418198,67.5,False
2873.82772398,nan,False
2874.9541831,67.5,False
2876.89420009,67.5,False
2877.96419716,67.5,False
2879.15773106,nan,False
2880.22417808,67.5,False
2881.41771603,nan,False
2882.65774894,nan,False
2883.72417903,67.5,False
2884.91772795,nan,False
2885.98417616,67.5,False
2887.04417801,67.5,False
2888.23776913,nan,False
2889.30418205,67.5,False
2890.424263,67.5,False
2891.61774397,nan,False
2892.68421102,67.5,False
2893.87775517,nan,False
2895.11779308,nan,False
2896.18418407,67.5,False
2897.37776399,nan,False
2898.44419193,67.5,False
2899.50418711,67.5,False
2900.69772506,nan,True
2901.76418209,67.5,True
2902.88418913,67.5,True
2904.07777214,nan,True
2905.14418912,67.437,True
2906.34773993,nan,True
2907.5677681,nan,True
2908.63425016,67.437,True
2909.82771611,nan,True
2910.89418817,67.437,True
2911.95418,67.5,True
2913.14778399,nan,True
2914.21416116,67.437,True
2915.33418202,67.437,True
2916.52777004,nan,True
2917.59417009,67.437,True
2918.78773713,nan,True
2920.02774,nan,True
2921.09424806,67.437,True
2922.28780293,nan,True
2923.35419106,67.437,True
2924.414186,67.5,True
2925.60774207,nan,True
2926.67426705,67.437,True
2928.53424716,67.437,True
2929.59418607,67.437,True
2930.78772902,nan,True
2931.85420299,67.437,True
2933.85419607,67.437,True
2934.92420912,67.437,True
2936.11773205,nan,True
2937.18423605,67.437,True
2938.37774801,nan,True
2939.57776213,nan,True
2940.64429998,67.437,True
2941.83775401,nan,True
2942.90417695,67.437,True
2943.96420097,67.437,True
2945.15773416,nan,True
2946.74832606,nan,True
2947.81417894,67.437,True
2949.00771308,nan,True
2950.24803209,nan,True
2951.31420302,67.437,True
2952.50774813,nan,True
2953.5741961,67.437,True
2954.63418293,67.437,True
2955.82773304,nan,True
2956.89418101,67.437,True
2958.03417015,67.437,True
2959.22772813,nan,True
2960.29418015,67.437,True
2961.48774695,nan,True
2962.72778797,nan,True
2963.79417014,67.437,True
2964.98773408,nan,True
2966.0541811,67.437,True
2967.11418295,67.437,True
2968.30772996,nan,True
2969.37421012,67.437,True
2970.49420094,67.437,True
2971.68782711,nan,True
2972.75418496,67.437,True
2973.94775009,nan,True
2975.18775916,nan,True
2976.25418401,67.437,True
2977.44773412,nan,True
2978.51418495,67.437,True
2979.57421207,67.437,True
2980.76783109,nan,True
2981.83418298,67.437,True
2983.69425797,67.437,True
2984.76418996,67.437,True
2985.95773315,nan,True
2987.02418494,67.437,True
2989.02425408,67.437,True
2990.09421396,67.437,True
2991.28781104,nan,True
2992.35417509,67.437,True
2993.54773808,nan,True
2994.74774194,nan,True
2995.8141861,67.437,True
2997.00830698,nan,True
2998.07419896,67.375,True
2999.13418007,67.437,True
3000.32778811,nan,False
3001.394171,67.437,False
3002.49418807,67.375,False
3003.68774104,nan,False
3004.75423408,67.375,False
3005.94771099,nan,False
3007.18834901,nan,False
3008.25417614,67.375,False
3009.44775009,nan,False
3010.51416206,67.375,False
3011.57420516,67.437,False
3012.76775503,nan,False
3013.83418608,67.375,False
3014.97418904,67.375,False
3016.16775513,nan,False
3017.23477817,67.375,False
3018.43775511,nan,False
3019.65772414,nan,False
3020.72419095,67.375,False
3021.91773105,nan,False
3022.98420215,67.375,False
3024.04417515,67.437,False
3025.23775005,nan,False
3026.30419111,67.375,False
3027.42428803,67.375,False
3028.61773205,nan,False
3029.68420196,67.375,False
3030.87775707,nan,False
3032.11772799,nan,False
3033.18418097,67.375,False
3034.37778115,nan,False
3035.44419312,67.375,False
3036.50418305,67.375,False
3037.6977191,nan,False
3038.76417994,67.375,False
3040.62424517,67.375,False
3041.68419695,67.375,False
3042.87775517,nan,False
3043.94417906,67.375,False
3045.13773108,nan,False
3046.33775616,nan,False
3047.4041841,67.375,False
3048.59774113,nan,False
3049.66417193,67.375,False
3050.72418308,67.375,False
3051.91772699,nan,False
3053.50774002,nan,False
3054.57420015,67.375,False
3055.76775002,nan,False
3057.00771999,nan,False
3058.07420015,67.375,False
3059.26776004,nan,False
3060.33423805,67.375,False
3061.39423895,67.375,False
3062.587744,nan,False
3063.6541841,67.375,False
3064.79428005,67.375,False
3065.98771715,nan,False
3067.05418515,67.375,False
3068.24804807,nan,False
3069.48779106,nan,False
3070.55416894,67.375,False
3071.74773312,nan,False
3072.81417894,67.375,False
3073.87426114,67.375,False
3075.07775807,nan,False
3076.14418411,67.375,False
3077.24420714,67.375,False
3078.43779111,nan,False
3079.5041821,67.375,False
3080.69773602,nan,False
3081.93777013,nan,False
3083.00417995,67.375,False
3084.19771504,nan,False
3085.26421905,67.375,False
3086.32418394,67.375,False
3087.51833701,nan,False
3088.584203,67.312,False
3089.70418596,67.312,False
3090.89773893,nan,False
3091.96418214,67.312,False
3093.15771914,nan,False
3094.39776516,nan,False
3095.464185,67.312,False
3096.65774894,nan,False
3097.72417402,67.312,False
3098.78419805,67.375,False
3099.97772813,nan,False
3101.0441761,67.312,True
3102.90425706,67.312,True
3103.97391009,67.312,True
3105.16774201,nan,True
3106.23418498,67.312,True
3107.42773199,nan,True
3108.62773514,nan,True
3109.69426107,67.312,True
3110.88773394,nan,True
3111.95435405,67.312,True
3113.01419616,67.312,True
3114.20770502,nan,True
3115.27421403,67.312,True
3116.39417696,67.312,True
3117.58773208,nan,True
3118.65417004,67.312,True
3119.84773302,nan,True
3121.08773994,nan,True
3122.1541841,67.312,True
3123.34770298,nan,True
3124.41416097,67.312,True
3125.47420812,67.312,True
3126.66776109,nan,True
3127.73416209,67.312,True
3129.59425402,67.312,True
3130.65416598,67.312,True
3131.85774112,nan,True
3132.92418313,67.312,True
3134.11773801,nan,True
3135.31771708,nan,True
3136.38421893,67.312,True
3137.57776093,nan,True
3138.64420009,67.312,True
3139.70415807,67.312,True
3140.89773297,nan,True
3141.96420693,67.312,True
3143.80423498,67.312,True
3144.86417603,67.312,True
3146.05778313,nan,True
3147.12417316,67.312,True
3148.32773304,nan,True
3149.52772903,nan,True
3150.59417796,67.312,True
3151.78774405,nan,True
3152.85420299,67.312,True
3153.91418695,67.312,True
3155.10773206,nan,True
3156.17418003,67.312,True
3157.29417706,67.312,True
3158.48773694,nan,True
3159.55419016,67.312,True
3160.74772,nan,True
3161.98773313,nan,True
3163.05439997,67.312,True
3164.24774694,nan,True
3165.31417608,67.312,True
3166.37422204,67.312,True
3167.56775403,nan,True
3168.63417411,67.312,True
3169.75418901,67.312,True
3170.94786501,nan,True
3172.01431799,67.312,True
3173.2077291,nan,True
3174.44778705,nan,True
3175.51418996,67.312,True
3176.70773602,nan,True
3177.77421212,67.312,True
3178.8341651,67.312,True
3180.02771711,nan,True
3181.09419012,67.25,True
3182.20439005,67.312,True
3183.39771104,nan,True
3184.46418309,67.25,True
3185.657727,nan,True
3186.89774799,nan,True
3187.96422601,67.25,True
3189.15775609,nan,True
3190.2241931,67.25,True
3191.28418112,67.312,True
3192.47780204,nan,True
3193.54417396,67.25,True
3194.66418815,67.25,True
3195.85772896,nan,True
3196.92418003,67.25,True
3198.11773396,nan,True
3199.357728,nan,True
3200.42418003,67.25,False
3201.61778116,nan,False
3202.68419695,67.25,False
3203.74418712,67.25,False
3204.93772817,nan,False
3206.00423503,67.25,False
3207.12420416,67.25,False
3208.31772709,nan,False
3209.38424015,67.25,False
3210.57781005,nan,False
3211.81773305,nan,False
3212.88421202,67.25,False
3214.07773709,nan,False
3215.14417696,67.25,False
3216.21419001,67.25,False
3217.40773201,nan,False
3218.47421098,67.25,False
3220.31426096,67.25,False
3221.37421107,67.25,False
3222.5678091,nan,False
3223.63417315,67.25,False
3225.63426709,67.25,False
3226.70419407,67.25,False
3227.89772701,nan,False
3228.96417809,67.25,False
3230.15777898,nan,False
3231.35774803,nan,False
3232.42418814,67.25,False
3233.61772799,nan,False
3234.68418694,67.25,False
3235.74416614,67.25,False
3236.93772912,nan,False
3238.00419307,67.25,False
3239.10419416,67.25,False
3240.29771209,nan,False
3241.36418796,67.25,False
3242.55773401,nan,False
3243.79773998,nan,False
3244.86418295,67.25,False
3246.05773306,nan,False
3247.12418199,67.25,False
3248.18420696,67.25,False
3249.38772106,nan,False
3250.45418811,67.25,False
3251.59419012,67.25,False
3252.78773093,nan,False
3253.8541801,67.25,False
3255.04774809,nan,False
3256.28773093,nan,False
3257.35430002,67.25,False
3258.547786,nan,False
3259.61436701,67.25,False
3260.67419195,67.25,False
3261.86776209,nan,False
3262.934165,67.25,False
3264.79425097,67.25,False
3265.86418509,67.25,False
3267.05772614,nan,False
3268.12418604,67.25,False
3270.12421703,67.25,False
3271.19418812,67.25,False
3272.38773012,nan,False
3273.45416999,67.187,False
3274.64773107,nan,False
3275.84773707,nan,False
3276.91431093,67.187,False
3278.10777712,nan,False
3279.174371,67.187,False
3280.2342,67.25,False
3281.42780304,nan,False
3282.49417305,67.187,False
3283.61417103,67.187,False
3284.80774117,nan,False
3285.87419701,67.187,False
3287.067837,nan,False
3288.30773711,nan,False
3289.37420416,67.187,False
3290.56776404,nan,False
3291.63417697,67.187,False
3292.69417214,67.187,False
3293.88773203,nan,False
3294.95418596,67.187,False
3296.814255,67.187,False
3297.87428904,67.187,False
3299.06785703,nan,False
3300.13414907,67.187,True
3302.13424706,67.187,True
3303.1941781,67.187,True
3304.38772011,nan,True
3305.454175,67.187,True
3307.45423412,67.187,True
3308.51416993,67.187,True
3309.71778011,nan,True
3310.7841711,67.187,True
3311.97774601,nan,True
3313.17775297,nan,True
3314.24421501,67.187,True
3315.43773913,nan,True
3316.50416803,67.187,True
3317.56417108,67.187,True
3318.75775099,nan,True
3319.82415795,67.187,True
3321.67426896,67.187,True
3322.73415303,67.187,True
3323.92772913,nan,True
3324.994169,67.187,True
3326.19777703,nan,True
3327.39774013,nan,True
3328.49418116,67.187,True
3329.68773413,nan,True
3330.92773414,nan,True
3331.99415898,67.187,True
3333.18771696,nan,True
3334.25417304,67.187,True
3335.31416893,67.187,True
3336.50772214,nan,True
3337.57418895,67.187,True
3338.71416807,67.187,True
3339.90770912,nan,True
3340.97418714,67.187,True
3342.16774797,nan,True
3343.407727,nan,True
3344.47419,67.187,True
3345.66781712,nan,True
3346.73458409,67.187,True
3347.7941761,67.187,True
3348.98772216,nan,True
3350.05416799,67.187,True
3351.91423798,67.125,True
3352.97417808,67.187,True
3354.17776012,nan,True
3355.24416995,67.187,True
3356.43772411,nan,True
3357.63777614,nan,True
3358.704175,67.125,True
3359.89772296,nan,True
3360.96420312,67.187,True
3362.024158,67.187,True
3363.21772099,nan,True
3364.28417897,67.125,True
3365.384202,67.125,True
3366.57776093,nan,True
3367.64417005,67.187,True
3368.83771801,nan,True
3370.07774401,nan,True
3371.144238,67.125,True
3372.33770299,nan,True
3373.40417504,67.125,True
3374.46417212,67.187,True
3375.65780306,nan,True
3376.72415805,67.125,True
3378.60418701,67.125,True
3379.66417098,67.125,True
3380.85771608,nan,True
3381.92417598,67.125,True
3383.92423511,67.125,True
3384.98419809,67.125,True
3386.17779708,nan,True
3387.24415898,67.125,True
3389.24422598,67.125,True
3390.30415797,67.125,True
3391.49773216,nan,True
3392.56417513,67.125,True
3394.56423807,67.125,True
3395.62417006,67.125,True
3396.81777,nan,True
3397.88417101,67.125,True
3399.07774401,nan,True
3400.31772113,nan,False
3401.38419604,67.125,False
3402.57774901,nan,False
3403.64420009,67.125,False
3404.70417404,67.125,False
3405.89774394,nan,False
3406.96415615,67.125,False
3408.08419514,67.125,False
3409.28773713,nan,False
3410.35416698,67.125,False
3411.54770494,nan,False
3412.76774907,nan,False
3413.83417797,67.125,False
3415.02773309,nan,False
3416.09416413,67.125,False
3417.15417004,67.125,False
3418.34773612,nan,False
3419.41417503,67.125,False
3420.53416705,67.125,False
3421.72772002,nan,False
3422.794173,67.125,False
3423.98772812,nan,False
3425.22779202,nan,False
3426.29415607,67.125,False
3427.48773503,nan,False
3428.55417299,67.125,False
3429.61414695,67.125,False
3430.80772114,nan,False
3431.87420702,67.062,False
3432.994174,67.125,False
3434.18770599,nan,False
3435.25416899,67.062,False
3436.44772601,nan,False
3437.68771911,nan,False
3438.77428603,67.062,False
3439.96774507,nan,False
3441.03417397,67.062,False
3442.09418011,67.062,False
3443.28778815,nan,False
3444.35416293,67.062,False
3446.19419408,67.062,False
3447.25417709,67.062,False
3448.44777703,nan,False
3449.51417613,67.062,False
3451.51427197,67.062,False
3452.57421112,67.062,False
3453.76783204,nan,False
3454.83416605,67.062,False
3456.83425212,67.062,False
3457.89417315,67.062,False
3459.08773208,nan,False
3460.1541791,67.062,False
3462.15424109,67.062,False
3463.21418214,67.062,False
3464.40779305,nan,False
3465.47420216,67.062,False
3466.66781902,nan,False
3467.90773511,nan,False
3468.97420096,67.0,False
3470.16775203,nan,False
3471.24419904,67.0,False
3472.30421495,67.062,False
3473.49776816,nan,False
3474.56416512,67.0,False
3475.68420601,67.0,False
3476.87775016,nan,False
3477.94418097,67.0,False
3479.13771415,nan,False
3480.37774301,nan,False
3481.44419098,67.0,False
3482.63779807,nan,False
3483.70419693,67.0,False
3484.76433015,67.0,False
3485.95773411,nan,False
3487.02418804,67.0,False
3488.13417506,67.0,False
3489.32775116,nan,False
3490.39418101,67.0,False
3491.58774209,nan,False
3492.82779312,nan,False
3494.09417415,67.0,False
3495.23418403,67.0,False
3496.42773509,nan,False
3497.4941771,67.0,False
3498.68772411,nan,False
3499.92773008,nan,False
3500.99418402,67.0,True
3502.18773198,nan,True
3503.254179,67.0,True
3504.31419897,67.0,True
3505.50773597,nan,True
3506.57419515,67.0,True
3507.71415997,67.0,True
3508.90831494,nan,True
3509.97419095,67.0,True
3511.17775798,nan,True
3512.39780307,nan,True
3513.46417212,67.0,True
3514.65772915,nan,True
3515.72417998,67.0,True
3516.78418112,67.0,True
3517.97776103,nan,True
3519.04417706,67.0,True
3520.90420294,67.0,True
3521.97420907,67.0,True
3523.16775703,nan,True
3524.23420095,67.0,True
3525.42773294,nan,True
3526.62774706,nan,True
3527.69418001,67.0,True
3528.88780308,nan,True
3529.954175,67.0,True
3531.01418114,67.0,True
3532.20783615,nan,True
3533.27422094,67.0,True
3534.37421203,67.0,True
3535.56775713,nan,True
3536.634197,67.0,True
3537.82782602,nan,True
3539.06773901,nan,True
3540.13416409,67.0,True
3541.32783103,nan,True
3542.39419293,67.0,True
3543.45418,67.0,True
3544.64773297,nan,True
3545.71418095,67.0,True
3547.57427096,66.937,True
3548.63417816,66.937,True
3549.829988,nan,True
3550.89418006,67.0,True
3552.89426017,67.0,True
3553.95418,66.937,True
3555.14773011,nan,True
3556.21418095,67.0,True
3558.21426296,66.937,True
3559.27422595,66.937,True
3560.46782994,nan,True
3561.53417206,66.937,True
3563.53425908,66.937,True
3564.59416699,66.937,True
3565.78772616,nan,True
3566.85418701,66.937,True
3568.04774213,nan,True
3569.28772998,nan,True
3570.35425997,66.937,True
3571.54778099,nan,True
3572.614182,66.937,True
3573.67419505,67.0,True
3574.86775899,nan,True
3575.93418002,66.937,True
3577.05417395,66.937,True
3578.25773311,nan,True
3579.32418299,66.937,True
3580.51774216,nan,True
3581.73772311,nan,True
3582.80417609,66.937,True
3584.00781107,nan,True
3585.07421207,66.937,True
3586.13418698,66.937,True
3587.32771206,nan,True
3588.39419413,66.937,True
3590.25421095,66.937,True
3591.31417894,66.937,True
3592.50773406,nan,True
3593.57420516,66.937,True
3595.58429313,66.937,True
3596.64418507,66.937,True
3597.83782911,nan,True
3598.90418601,66.937,True
3600.10773611,nan,False
3601.30772614,nan,False
3602.37421298,66.937,False
3603.567765,nan,False
3604.63419414,66.937,False
3605.69417596,66.937,False
3606.88770008,nan,False
3607.95416594,66.937,False
3609.05418515,66.937,False
3610.24774313,nan,False
3611.32417297,66.937,False
3612.51773715,nan,False
3613.75772595,nan,False
3614.82427907,66.937,False
3616.017802,nan,False
3617.08420014,66.937,False
3618.14417195,66.937,False
3619.33773494,nan,False
3620.40417504,66.937,False
3622.28426504,66.937,False
3623.34415603,66.937,False
3624.53773093,nan,False
3625.60418797,66.937,False
3626.79773498,nan,False
3627.99780416,nan,False
3629.06417704,66.937,False
3630.25773597,nan,False
3631.32417893,66.937,False
3632.38419795,66.937,False
3633.57776499,nan,False
3634.64418817,66.937,False
3635.74420905,66.937,False
3636.93786502,nan,False
3638.00425696,66.937,False
3639.19773006,nan,False
3640.43772912,nan,False
3641.50418496,66.875,False
3642.69790006,nan,False
3643.76418805,66.937,False
3644.82417703,66.937,False
3646.01778913,nan,False
3647.08434916,66.937,False
3648.22429705,66.875,False
3649.41772795,nan,False
3650.48425508,66.875,False
3651.67775106,nan,False
3652.91776109,nan,False
3653.98419809,66.875,False
3655.17778206,nan,False
3656.24418116,66.875,False
3657.33419013,66.875,False
3658.52773094,nan,False
3659.61420107,66.875,False
3660.67421293,66.875,False
3661.86775708,nan,False
3662.93418217,66.875,False
3664.12778497,nan,False
3665.36773896,nan,False
3666.43424416,66.875,False
3667.62773204,nan,False
3668.69418812,66.875,False
